{"meta": {"format": 3, "version": "7.14.1", "timestamp": "2026-06-17T07:22:46.305449", "branch_coverage": false, "show_contexts": false}, "files": {"app/agents/approval.py": {"executed_lines": [1, 2, 3, 4, 6, 9, 12, 13, 15, 23, 25, 26, 27, 28, 29, 30, 32, 33, 44, 49], "summary": {"covered_lines": 20, "num_statements": 24, "percent_covered": 83.33333333333333, "percent_covered_display": "83.3", "missing_lines": 4, "excluded_lines": 0, "percent_statements_covered": 83.33333333333333, "percent_statements_covered_display": "83.3"}, "missing_lines": [39, 40, 41, 42], "excluded_lines": [], "functions": {"ApprovalWorkflowAgent.__init__": {"executed_lines": [13], "summary": {"covered_lines": 1, "num_statements": 1, "percent_covered": 100.0, "percent_covered_display": "100.0", "missing_lines": 0, "excluded_lines": 0, "percent_statements_covered": 100.0, "percent_statements_covered_display": "100.0"}, "missing_lines": [], "excluded_lines": [], "start_line": 12}, "ApprovalWorkflowAgent.run": {"executed_lines": [23, 25, 26, 27, 28, 29, 30, 32, 33, 44, 49], "summary": {"covered_lines": 11, "num_statements": 15, "percent_covered": 73.33333333333333, "percent_covered_display": "73.3", "missing_lines": 4, "excluded_lines": 0, "percent_statements_covered": 73.33333333333333, "percent_statements_covered_display": "73.3"}, "missing_lines": [39, 40, 41, 42], "excluded_lines": [], "start_line": 15}, "": {"executed_lines": [1, 2, 3, 4, 6, 9, 12, 15], "summary": {"covered_lines": 8, "num_statements": 8, "percent_covered": 100.0, "percent_covered_display": "100.0", "missing_lines": 0, "excluded_lines": 0, "percent_statements_covered": 100.0, "percent_statements_covered_display": "100.0"}, "missing_lines": [], "excluded_lines": [], "start_line": 1}}, "classes": {"ApprovalWorkflowAgent": {"executed_lines": [13, 23, 25, 26, 27, 28, 29, 30, 32, 33, 44, 49], "summary": {"covered_lines": 12, "num_statements": 16, "percent_covered": 75.0, "percent_covered_display": "75.0", "missing_lines": 4, "excluded_lines": 0, "percent_statements_covered": 75.0, "percent_statements_covered_display": "75.0"}, "missing_lines": [39, 40, 41, 42], "excluded_lines": [], "start_line": 9}, "": {"executed_lines": [1, 2, 3, 4, 6, 9, 12, 15], "summary": {"covered_lines": 8, "num_statements": 8, "percent_covered": 100.0, "percent_covered_display": "100.0", "missing_lines": 0, "excluded_lines": 0, "percent_statements_covered": 100.0, "percent_statements_covered_display": "100.0"}, "missing_lines": [], "excluded_lines": [], "start_line": 1}}}, "app/agents/backend_architect.py": {"executed_lines": [1, 2, 3, 5, 7, 8, 9, 10, 11, 24, 27, 28, 29, 31, 32, 34, 40, 42, 47, 48, 54, 56, 57, 61, 63, 64, 65, 66, 67, 69, 72, 73, 75, 76, 77, 78, 80, 81, 85, 90, 92, 93, 96, 97, 98, 100], "summary": {"covered_lines": 46, "num_statements": 54, "percent_covered": 85.18518518518519, "percent_covered_display": "85.2", "missing_lines": 8, "excluded_lines": 0, "percent_statements_covered": 85.18518518518519, "percent_statements_covered_display": "85.2"}, "missing_lines": [30, 55, 58, 59, 70, 82, 83, 94], "excluded_lines": [], "functions": {"BackendArchitectAgent.__init__": {"executed_lines": [29, 31, 32], "summary": {"covered_lines": 3, "num_statements": 4, "percent_covered": 75.0, "percent_covered_display": "75.0", "missing_lines": 1, "excluded_lines": 0, "percent_statements_covered": 75.0, "percent_statements_covered_display": "75.0"}, "missing_lines": [30], "excluded_lines": [], "start_line": 28}, "BackendArchitectAgent.run": {"executed_lines": [40, 42, 47, 48, 54, 56, 57, 61, 63, 64, 65, 66, 67, 69, 72, 73, 75, 76, 77, 78, 80, 81, 85, 90], "summary": {"covered_lines": 24, "num_statements": 30, "percent_covered": 80.0, "percent_covered_display": "80.0", "missing_lines": 6, "excluded_lines": 0, "percent_statements_covered": 80.0, "percent_statements_covered_display": "80.0"}, "missing_lines": [55, 58, 59, 70, 82, 83], "excluded_lines": [], "start_line": 34}, "BackendArchitectAgent._parse_output": {"executed_lines": [93, 96, 97, 98, 100], "summary": {"covered_lines": 5, "num_statements": 5, "percent_covered": 100.0, "percent_covered_display": "100.0", "missing_lines": 0, "excluded_lines": 0, "percent_statements_covered": 100.0, "percent_statements_covered_display": "100.0"}, "missing_lines": [], "excluded_lines": [], "start_line": 92}, "BackendArchitectAgent._parse_output.uid": {"executed_lines": [], "summary": {"covered_lines": 0, "num_statements": 1, "percent_covered": 0.0, "percent_covered_display": "0.0", "missing_lines": 1, "excluded_lines": 0, "percent_statements_covered": 0.0, "percent_statements_covered_display": "0.0"}, "missing_lines": [94], "excluded_lines": [], "start_line": 93}, "": {"executed_lines": [1, 2, 3, 5, 7, 8, 9, 10, 11, 24, 27, 28, 34, 92], "summary": {"covered_lines": 14, "num_statements": 14, "percent_covered": 100.0, "percent_covered_display": "100.0", "missing_lines": 0, "excluded_lines": 0, "percent_statements_covered": 100.0, "percent_statements_covered_display": "100.0"}, "missing_lines": [], "excluded_lines": [], "start_line": 1}}, "classes": {"BackendArchitectAgent": {"executed_lines": [29, 31, 32, 40, 42, 47, 48, 54, 56, 57, 61, 63, 64, 65, 66, 67, 69, 72, 73, 75, 76, 77, 78, 80, 81, 85, 90, 93, 96, 97, 98, 100], "summary": {"covered_lines": 32, "num_statements": 40, "percent_covered": 80.0, "percent_covered_display": "80.0", "missing_lines": 8, "excluded_lines": 0, "percent_statements_covered": 80.0, "percent_statements_covered_display": "80.0"}, "missing_lines": [30, 55, 58, 59, 70, 82, 83, 94], "excluded_lines": [], "start_line": 27}, "": {"executed_lines": [1, 2, 3, 5, 7, 8, 9, 10, 11, 24, 27, 28, 34, 92], "summary": {"covered_lines": 14, "num_statements": 14, "percent_covered": 100.0, "percent_covered_display": "100.0", "missing_lines": 0, "excluded_lines": 0, "percent_statements_covered": 100.0, "percent_statements_covered_display": "100.0"}, "missing_lines": [], "excluded_lines": [], "start_line": 1}}}, "app/agents/backend_code_review.py": {"executed_lines": [1, 2, 3, 5, 7, 8, 9, 10, 11, 12, 18, 21, 22, 23, 25, 26, 28, 34, 36, 41, 42, 55, 57, 58, 59, 60, 61, 63, 66, 67, 69, 70, 74, 75, 79, 85, 87, 88, 89, 91, 104, 105, 106, 108, 119, 120, 121, 124, 126], "summary": {"covered_lines": 49, "num_statements": 62, "percent_covered": 79.03225806451613, "percent_covered_display": "79.0", "missing_lines": 13, "excluded_lines": 0, "percent_statements_covered": 79.03225806451613, "percent_statements_covered_display": "79.0"}, "missing_lines": [24, 48, 49, 50, 51, 52, 53, 64, 71, 72, 76, 77, 122], "excluded_lines": [], "functions": {"BackendCodeReviewAgent.__init__": {"executed_lines": [23, 25, 26], "summary": {"covered_lines": 3, "num_statements": 4, "percent_covered": 75.0, "percent_covered_display": "75.0", "missing_lines": 1, "excluded_lines": 0, "percent_statements_covered": 75.0, "percent_statements_covered_display": "75.0"}, "missing_lines": [24], "excluded_lines": [], "start_line": 22}, "BackendCodeReviewAgent.run": {"executed_lines": [34, 36, 41, 42, 55, 57, 58, 59, 60, 61, 63, 66, 67, 69, 70, 74, 75, 79, 85], "summary": {"covered_lines": 19, "num_statements": 30, "percent_covered": 63.333333333333336, "percent_covered_display": "63.3", "missing_lines": 11, "excluded_lines": 0, "percent_statements_covered": 63.333333333333336, "percent_statements_covered_display": "63.3"}, "missing_lines": [48, 49, 50, 51, 52, 53, 64, 71, 72, 76, 77], "excluded_lines": [], "start_line": 28}, "BackendCodeReviewAgent._parse_issues": {"executed_lines": [88, 91], "summary": {"covered_lines": 2, "num_statements": 2, "percent_covered": 100.0, "percent_covered_display": "100.0", "missing_lines": 0, "excluded_lines": 0, "percent_statements_covered": 100.0, "percent_statements_covered_display": "100.0"}, "missing_lines": [], "excluded_lines": [], "start_line": 87}, "BackendCodeReviewAgent._parse_issues.uid": {"executed_lines": [89], "summary": {"covered_lines": 1, "num_statements": 1, "percent_covered": 100.0, "percent_covered_display": "100.0", "missing_lines": 0, "excluded_lines": 0, "percent_statements_covered": 100.0, "percent_statements_covered_display": "100.0"}, "missing_lines": [], "excluded_lines": [], "start_line": 88}, "BackendCodeReviewAgent._parse_recommendations": {"executed_lines": [105, 108], "summary": {"covered_lines": 2, "num_statements": 2, "percent_covered": 100.0, "percent_covered_display": "100.0", "missing_lines": 0, "excluded_lines": 0, "percent_statements_covered": 100.0, "percent_statements_covered_display": "100.0"}, "missing_lines": [], "excluded_lines": [], "start_line": 104}, "BackendCodeReviewAgent._parse_recommendations.uid": {"executed_lines": [106], "summary": {"covered_lines": 1, "num_statements": 1, "percent_covered": 100.0, "percent_covered_display": "100.0", "missing_lines": 0, "excluded_lines": 0, "percent_statements_covered": 100.0, "percent_statements_covered_display": "100.0"}, "missing_lines": [], "excluded_lines": [], "start_line": 105}, "BackendCodeReviewAgent._parse_output": {"executed_lines": [120, 121, 124, 126], "summary": {"covered_lines": 4, "num_statements": 5, "percent_covered": 80.0, "percent_covered_display": "80.0", "missing_lines": 1, "excluded_lines": 0, "percent_statements_covered": 80.0, "percent_statements_covered_display": "80.0"}, "missing_lines": [122], "excluded_lines": [], "start_line": 119}, "": {"executed_lines": [1, 2, 3, 5, 7, 8, 9, 10, 11, 12, 18, 21, 22, 28, 87, 104, 119], "summary": {"covered_lines": 17, "num_statements": 17, "percent_covered": 100.0, "percent_covered_display": "100.0", "missing_lines": 0, "excluded_lines": 0, "percent_statements_covered": 100.0, "percent_statements_covered_display": "100.0"}, "missing_lines": [], "excluded_lines": [], "start_line": 1}}, "classes": {"BackendCodeReviewAgent": {"executed_lines": [23, 25, 26, 34, 36, 41, 42, 55, 57, 58, 59, 60, 61, 63, 66, 67, 69, 70, 74, 75, 79, 85, 88, 89, 91, 105, 106, 108, 120, 121, 124, 126], "summary": {"covered_lines": 32, "num_statements": 45, "percent_covered": 71.11111111111111, "percent_covered_display": "71.1", "missing_lines": 13, "excluded_lines": 0, "percent_statements_covered": 71.11111111111111, "percent_statements_covered_display": "71.1"}, "missing_lines": [24, 48, 49, 50, 51, 52, 53, 64, 71, 72, 76, 77, 122], "excluded_lines": [], "start_line": 21}, "": {"executed_lines": [1, 2, 3, 5, 7, 8, 9, 10, 11, 12, 18, 21, 22, 28, 87, 104, 119], "summary": {"covered_lines": 17, "num_statements": 17, "percent_covered": 100.0, "percent_covered_display": "100.0", "missing_lines": 0, "excluded_lines": 0, "percent_statements_covered": 100.0, "percent_statements_covered_display": "100.0"}, "missing_lines": [], "excluded_lines": [], "start_line": 1}}}, "app/agents/backend_v1.py": {"executed_lines": [1, 2, 3, 5, 7, 8, 9, 10, 11, 26, 29, 30, 31, 33, 34, 36, 42, 44, 49, 50, 56, 58, 59, 63, 65, 66, 67, 68, 69, 71, 74, 75, 77, 78, 79, 80, 82, 83, 87, 92, 94, 95, 98, 99, 101], "summary": {"covered_lines": 45, "num_statements": 53, "percent_covered": 84.90566037735849, "percent_covered_display": "84.9", "missing_lines": 8, "excluded_lines": 0, "percent_statements_covered": 84.90566037735849, "percent_statements_covered_display": "84.9"}, "missing_lines": [32, 57, 60, 61, 72, 84, 85, 96], "excluded_lines": [], "functions": {"BackendDeveloperV1Agent.__init__": {"executed_lines": [31, 33, 34], "summary": {"covered_lines": 3, "num_statements": 4, "percent_covered": 75.0, "percent_covered_display": "75.0", "missing_lines": 1, "excluded_lines": 0, "percent_statements_covered": 75.0, "percent_statements_covered_display": "75.0"}, "missing_lines": [32], "excluded_lines": [], "start_line": 30}, "BackendDeveloperV1Agent.run": {"executed_lines": [42, 44, 49, 50, 56, 58, 59, 63, 65, 66, 67, 68, 69, 71, 74, 75, 77, 78, 79, 80, 82, 83, 87, 92], "summary": {"covered_lines": 24, "num_statements": 30, "percent_covered": 80.0, "percent_covered_display": "80.0", "missing_lines": 6, "excluded_lines": 0, "percent_statements_covered": 80.0, "percent_statements_covered_display": "80.0"}, "missing_lines": [57, 60, 61, 72, 84, 85], "excluded_lines": [], "start_line": 36}, "BackendDeveloperV1Agent._parse_output": {"executed_lines": [95, 98, 99, 101], "summary": {"covered_lines": 4, "num_statements": 4, "percent_covered": 100.0, "percent_covered_display": "100.0", "missing_lines": 0, "excluded_lines": 0, "percent_statements_covered": 100.0, "percent_statements_covered_display": "100.0"}, "missing_lines": [], "excluded_lines": [], "start_line": 94}, "BackendDeveloperV1Agent._parse_output.uid": {"executed_lines": [], "summary": {"covered_lines": 0, "num_statements": 1, "percent_covered": 0.0, "percent_covered_display": "0.0", "missing_lines": 1, "excluded_lines": 0, "percent_statements_covered": 0.0, "percent_statements_covered_display": "0.0"}, "missing_lines": [96], "excluded_lines": [], "start_line": 95}, "": {"executed_lines": [1, 2, 3, 5, 7, 8, 9, 10, 11, 26, 29, 30, 36, 94], "summary": {"covered_lines": 14, "num_statements": 14, "percent_covered": 100.0, "percent_covered_display": "100.0", "missing_lines": 0, "excluded_lines": 0, "percent_statements_covered": 100.0, "percent_statements_covered_display": "100.0"}, "missing_lines": [], "excluded_lines": [], "start_line": 1}}, "classes": {"BackendDeveloperV1Agent": {"executed_lines": [31, 33, 34, 42, 44, 49, 50, 56, 58, 59, 63, 65, 66, 67, 68, 69, 71, 74, 75, 77, 78, 79, 80, 82, 83, 87, 92, 95, 98, 99, 101], "summary": {"covered_lines": 31, "num_statements": 39, "percent_covered": 79.48717948717949, "percent_covered_display": "79.5", "missing_lines": 8, "excluded_lines": 0, "percent_statements_covered": 79.48717948717949, "percent_statements_covered_display": "79.5"}, "missing_lines": [32, 57, 60, 61, 72, 84, 85, 96], "excluded_lines": [], "start_line": 29}, "": {"executed_lines": [1, 2, 3, 5, 7, 8, 9, 10, 11, 26, 29, 30, 36, 94], "summary": {"covered_lines": 14, "num_statements": 14, "percent_covered": 100.0, "percent_covered_display": "100.0", "missing_lines": 0, "excluded_lines": 0, "percent_statements_covered": 100.0, "percent_statements_covered_display": "100.0"}, "missing_lines": [], "excluded_lines": [], "start_line": 1}}}, "app/agents/backend_v2.py": {"executed_lines": [1, 2, 3, 5, 7, 8, 9, 10, 11, 13, 16, 17, 18, 20, 21, 23, 29, 31, 36, 37, 50, 52, 53, 54, 55, 56, 58, 61, 62, 64, 65, 69, 70, 74, 79, 81, 82, 83, 85, 98, 99], "summary": {"covered_lines": 41, "num_statements": 53, "percent_covered": 77.35849056603773, "percent_covered_display": "77.4", "missing_lines": 12, "excluded_lines": 0, "percent_statements_covered": 77.35849056603773, "percent_statements_covered_display": "77.4"}, "missing_lines": [19, 43, 44, 45, 46, 47, 48, 59, 66, 67, 71, 72], "excluded_lines": [], "functions": {"BackendDeveloperV2Agent.__init__": {"executed_lines": [18, 20, 21], "summary": {"covered_lines": 3, "num_statements": 4, "percent_covered": 75.0, "percent_covered_display": "75.0", "missing_lines": 1, "excluded_lines": 0, "percent_statements_covered": 75.0, "percent_statements_covered_display": "75.0"}, "missing_lines": [19], "excluded_lines": [], "start_line": 17}, "BackendDeveloperV2Agent.run": {"executed_lines": [29, 31, 36, 37, 50, 52, 53, 54, 55, 56, 58, 61, 62, 64, 65, 69, 70, 74, 79], "summary": {"covered_lines": 19, "num_statements": 30, "percent_covered": 63.333333333333336, "percent_covered_display": "63.3", "missing_lines": 11, "excluded_lines": 0, "percent_statements_covered": 63.333333333333336, "percent_statements_covered_display": "63.3"}, "missing_lines": [43, 44, 45, 46, 47, 48, 59, 66, 67, 71, 72], "excluded_lines": [], "start_line": 23}, "BackendDeveloperV2Agent._parse_file_list": {"executed_lines": [82, 85], "summary": {"covered_lines": 2, "num_statements": 2, "percent_covered": 100.0, "percent_covered_display": "100.0", "missing_lines": 0, "excluded_lines": 0, "percent_statements_covered": 100.0, "percent_statements_covered_display": "100.0"}, "missing_lines": [], "excluded_lines": [], "start_line": 81}, "BackendDeveloperV2Agent._parse_file_list.uid": {"executed_lines": [83], "summary": {"covered_lines": 1, "num_statements": 1, "percent_covered": 100.0, "percent_covered_display": "100.0", "missing_lines": 0, "excluded_lines": 0, "percent_statements_covered": 100.0, "percent_statements_covered_display": "100.0"}, "missing_lines": [], "excluded_lines": [], "start_line": 82}, "BackendDeveloperV2Agent._parse_output": {"executed_lines": [99], "summary": {"covered_lines": 1, "num_statements": 1, "percent_covered": 100.0, "percent_covered_display": "100.0", "missing_lines": 0, "excluded_lines": 0, "percent_statements_covered": 100.0, "percent_statements_covered_display": "100.0"}, "missing_lines": [], "excluded_lines": [], "start_line": 98}, "": {"executed_lines": [1, 2, 3, 5, 7, 8, 9, 10, 11, 13, 16, 17, 23, 81, 98], "summary": {"covered_lines": 15, "num_statements": 15, "percent_covered": 100.0, "percent_covered_display": "100.0", "missing_lines": 0, "excluded_lines": 0, "percent_statements_covered": 100.0, "percent_statements_covered_display": "100.0"}, "missing_lines": [], "excluded_lines": [], "start_line": 1}}, "classes": {"BackendDeveloperV2Agent": {"executed_lines": [18, 20, 21, 29, 31, 36, 37, 50, 52, 53, 54, 55, 56, 58, 61, 62, 64, 65, 69, 70, 74, 79, 82, 83, 85, 99], "summary": {"covered_lines": 26, "num_statements": 38, "percent_covered": 68.42105263157895, "percent_covered_display": "68.4", "missing_lines": 12, "excluded_lines": 0, "percent_statements_covered": 68.42105263157895, "percent_statements_covered_display": "68.4"}, "missing_lines": [19, 43, 44, 45, 46, 47, 48, 59, 66, 67, 71, 72], "excluded_lines": [], "start_line": 16}, "": {"executed_lines": [1, 2, 3, 5, 7, 8, 9, 10, 11, 13, 16, 17, 23, 81, 98], "summary": {"covered_lines": 15, "num_statements": 15, "percent_covered": 100.0, "percent_covered_display": "100.0", "missing_lines": 0, "excluded_lines": 0, "percent_statements_covered": 100.0, "percent_statements_covered_display": "100.0"}, "missing_lines": [], "excluded_lines": [], "start_line": 1}}}, "app/agents/backend_v3.py": {"executed_lines": [1, 2, 4, 6, 7, 8, 9, 10, 12, 15, 16, 17, 19, 20, 22, 28, 30, 35, 36, 49, 51, 52, 53, 54, 55, 57, 60, 61, 63, 64, 68, 69, 73, 78, 80, 81, 89, 90], "summary": {"covered_lines": 38, "num_statements": 50, "percent_covered": 76.0, "percent_covered_display": "76.0", "missing_lines": 12, "excluded_lines": 0, "percent_statements_covered": 76.0, "percent_statements_covered_display": "76.0"}, "missing_lines": [18, 42, 43, 44, 45, 46, 47, 58, 65, 66, 70, 71], "excluded_lines": [], "functions": {"BackendDeveloperV3Agent.__init__": {"executed_lines": [17, 19, 20], "summary": {"covered_lines": 3, "num_statements": 4, "percent_covered": 75.0, "percent_covered_display": "75.0", "missing_lines": 1, "excluded_lines": 0, "percent_statements_covered": 75.0, "percent_statements_covered_display": "75.0"}, "missing_lines": [18], "excluded_lines": [], "start_line": 16}, "BackendDeveloperV3Agent.run": {"executed_lines": [28, 30, 35, 36, 49, 51, 52, 53, 54, 55, 57, 60, 61, 63, 64, 68, 69, 73, 78], "summary": {"covered_lines": 19, "num_statements": 30, "percent_covered": 63.333333333333336, "percent_covered_display": "63.3", "missing_lines": 11, "excluded_lines": 0, "percent_statements_covered": 63.333333333333336, "percent_statements_covered_display": "63.3"}, "missing_lines": [42, 43, 44, 45, 46, 47, 58, 65, 66, 70, 71], "excluded_lines": [], "start_line": 22}, "BackendDeveloperV3Agent._parse_generated_files": {"executed_lines": [81], "summary": {"covered_lines": 1, "num_statements": 1, "percent_covered": 100.0, "percent_covered_display": "100.0", "missing_lines": 0, "excluded_lines": 0, "percent_statements_covered": 100.0, "percent_statements_covered_display": "100.0"}, "missing_lines": [], "excluded_lines": [], "start_line": 80}, "BackendDeveloperV3Agent._parse_output": {"executed_lines": [90], "summary": {"covered_lines": 1, "num_statements": 1, "percent_covered": 100.0, "percent_covered_display": "100.0", "missing_lines": 0, "excluded_lines": 0, "percent_statements_covered": 100.0, "percent_statements_covered_display": "100.0"}, "missing_lines": [], "excluded_lines": [], "start_line": 89}, "": {"executed_lines": [1, 2, 4, 6, 7, 8, 9, 10, 12, 15, 16, 22, 80, 89], "summary": {"covered_lines": 14, "num_statements": 14, "percent_covered": 100.0, "percent_covered_display": "100.0", "missing_lines": 0, "excluded_lines": 0, "percent_statements_covered": 100.0, "percent_statements_covered_display": "100.0"}, "missing_lines": [], "excluded_lines": [], "start_line": 1}}, "classes": {"BackendDeveloperV3Agent": {"executed_lines": [17, 19, 20, 28, 30, 35, 36, 49, 51, 52, 53, 54, 55, 57, 60, 61, 63, 64, 68, 69, 73, 78, 81, 90], "summary": {"covered_lines": 24, "num_statements": 36, "percent_covered": 66.66666666666667, "percent_covered_display": "66.7", "missing_lines": 12, "excluded_lines": 0, "percent_statements_covered": 66.66666666666667, "percent_statements_covered_display": "66.7"}, "missing_lines": [18, 42, 43, 44, 45, 46, 47, 58, 65, 66, 70, 71], "excluded_lines": [], "start_line": 15}, "": {"executed_lines": [1, 2, 4, 6, 7, 8, 9, 10, 12, 15, 16, 22, 80, 89], "summary": {"covered_lines": 14, "num_statements": 14, "percent_covered": 100.0, "percent_covered_display": "100.0", "missing_lines": 0, "excluded_lines": 0, "percent_statements_covered": 100.0, "percent_statements_covered_display": "100.0"}, "missing_lines": [], "excluded_lines": [], "start_line": 1}}}, "app/agents/business_analyst.py": {"executed_lines": [1, 2, 3, 5, 7, 8, 9, 10, 11, 28, 31, 32, 33, 35, 36, 38, 44, 46, 51, 52, 58, 60, 61, 65, 67, 68, 69, 70, 71, 73, 76, 77, 79, 80, 81, 82, 84, 85, 89, 94, 96, 97, 98, 100], "summary": {"covered_lines": 44, "num_statements": 51, "percent_covered": 86.27450980392157, "percent_covered_display": "86.3", "missing_lines": 7, "excluded_lines": 0, "percent_statements_covered": 86.27450980392157, "percent_statements_covered_display": "86.3"}, "missing_lines": [34, 59, 62, 63, 74, 86, 87], "excluded_lines": [], "functions": {"BusinessAnalystAgent.__init__": {"executed_lines": [33, 35, 36], "summary": {"covered_lines": 3, "num_statements": 4, "percent_covered": 75.0, "percent_covered_display": "75.0", "missing_lines": 1, "excluded_lines": 0, "percent_statements_covered": 75.0, "percent_statements_covered_display": "75.0"}, "missing_lines": [34], "excluded_lines": [], "start_line": 32}, "BusinessAnalystAgent.run": {"executed_lines": [44, 46, 51, 52, 58, 60, 61, 65, 67, 68, 69, 70, 71, 73, 76, 77, 79, 80, 81, 82, 84, 85, 89, 94], "summary": {"covered_lines": 24, "num_statements": 30, "percent_covered": 80.0, "percent_covered_display": "80.0", "missing_lines": 6, "excluded_lines": 0, "percent_statements_covered": 80.0, "percent_statements_covered_display": "80.0"}, "missing_lines": [59, 62, 63, 74, 86, 87], "excluded_lines": [], "start_line": 38}, "BusinessAnalystAgent._parse_output": {"executed_lines": [97, 100], "summary": {"covered_lines": 2, "num_statements": 2, "percent_covered": 100.0, "percent_covered_display": "100.0", "missing_lines": 0, "excluded_lines": 0, "percent_statements_covered": 100.0, "percent_statements_covered_display": "100.0"}, "missing_lines": [], "excluded_lines": [], "start_line": 96}, "BusinessAnalystAgent._parse_output.uid": {"executed_lines": [98], "summary": {"covered_lines": 1, "num_statements": 1, "percent_covered": 100.0, "percent_covered_display": "100.0", "missing_lines": 0, "excluded_lines": 0, "percent_statements_covered": 100.0, "percent_statements_covered_display": "100.0"}, "missing_lines": [], "excluded_lines": [], "start_line": 97}, "": {"executed_lines": [1, 2, 3, 5, 7, 8, 9, 10, 11, 28, 31, 32, 38, 96], "summary": {"covered_lines": 14, "num_statements": 14, "percent_covered": 100.0, "percent_covered_display": "100.0", "missing_lines": 0, "excluded_lines": 0, "percent_statements_covered": 100.0, "percent_statements_covered_display": "100.0"}, "missing_lines": [], "excluded_lines": [], "start_line": 1}}, "classes": {"BusinessAnalystAgent": {"executed_lines": [33, 35, 36, 44, 46, 51, 52, 58, 60, 61, 65, 67, 68, 69, 70, 71, 73, 76, 77, 79, 80, 81, 82, 84, 85, 89, 94, 97, 98, 100], "summary": {"covered_lines": 30, "num_statements": 37, "percent_covered": 81.08108108108108, "percent_covered_display": "81.1", "missing_lines": 7, "excluded_lines": 0, "percent_statements_covered": 81.08108108108108, "percent_statements_covered_display": "81.1"}, "missing_lines": [34, 59, 62, 63, 74, 86, 87], "excluded_lines": [], "start_line": 31}, "": {"executed_lines": [1, 2, 3, 5, 7, 8, 9, 10, 11, 28, 31, 32, 38, 96], "summary": {"covered_lines": 14, "num_statements": 14, "percent_covered": 100.0, "percent_covered_display": "100.0", "missing_lines": 0, "excluded_lines": 0, "percent_statements_covered": 100.0, "percent_statements_covered_display": "100.0"}, "missing_lines": [], "excluded_lines": [], "start_line": 1}}}, "app/agents/deployment.py": {"executed_lines": [1, 2, 3, 4, 6, 9, 12, 13, 15, 24, 30, 31, 32, 33, 35, 36, 48, 53], "summary": {"covered_lines": 18, "num_statements": 22, "percent_covered": 81.81818181818181, "percent_covered_display": "81.8", "missing_lines": 4, "excluded_lines": 0, "percent_statements_covered": 81.81818181818181, "percent_statements_covered_display": "81.8"}, "missing_lines": [43, 44, 45, 46], "excluded_lines": [], "functions": {"DeploymentAgent.__init__": {"executed_lines": [13], "summary": {"covered_lines": 1, "num_statements": 1, "percent_covered": 100.0, "percent_covered_display": "100.0", "missing_lines": 0, "excluded_lines": 0, "percent_statements_covered": 100.0, "percent_statements_covered_display": "100.0"}, "missing_lines": [], "excluded_lines": [], "start_line": 12}, "DeploymentAgent.run": {"executed_lines": [24, 30, 31, 32, 33, 35, 36, 48, 53], "summary": {"covered_lines": 9, "num_statements": 13, "percent_covered": 69.23076923076923, "percent_covered_display": "69.2", "missing_lines": 4, "excluded_lines": 0, "percent_statements_covered": 69.23076923076923, "percent_statements_covered_display": "69.2"}, "missing_lines": [43, 44, 45, 46], "excluded_lines": [], "start_line": 15}, "": {"executed_lines": [1, 2, 3, 4, 6, 9, 12, 15], "summary": {"covered_lines": 8, "num_statements": 8, "percent_covered": 100.0, "percent_covered_display": "100.0", "missing_lines": 0, "excluded_lines": 0, "percent_statements_covered": 100.0, "percent_statements_covered_display": "100.0"}, "missing_lines": [], "excluded_lines": [], "start_line": 1}}, "classes": {"DeploymentAgent": {"executed_lines": [13, 24, 30, 31, 32, 33, 35, 36, 48, 53], "summary": {"covered_lines": 10, "num_statements": 14, "percent_covered": 71.42857142857143, "percent_covered_display": "71.4", "missing_lines": 4, "excluded_lines": 0, "percent_statements_covered": 71.42857142857143, "percent_statements_covered_display": "71.4"}, "missing_lines": [43, 44, 45, 46], "excluded_lines": [], "start_line": 9}, "": {"executed_lines": [1, 2, 3, 4, 6, 9, 12, 15], "summary": {"covered_lines": 8, "num_statements": 8, "percent_covered": 100.0, "percent_covered_display": "100.0", "missing_lines": 0, "excluded_lines": 0, "percent_statements_covered": 100.0, "percent_statements_covered_display": "100.0"}, "missing_lines": [], "excluded_lines": [], "start_line": 1}}}, "app/agents/frontend_architect.py": {"executed_lines": [1, 2, 3, 5, 7, 8, 9, 10, 11, 20, 23, 24, 25, 27, 28, 30, 36, 38, 43, 44, 57, 59, 60, 61, 62, 63, 65, 68, 69, 71, 72, 76, 77, 81, 86, 88, 89, 90, 92], "summary": {"covered_lines": 39, "num_statements": 51, "percent_covered": 76.47058823529412, "percent_covered_display": "76.5", "missing_lines": 12, "excluded_lines": 0, "percent_statements_covered": 76.47058823529412, "percent_statements_covered_display": "76.5"}, "missing_lines": [26, 50, 51, 52, 53, 54, 55, 66, 73, 74, 78, 79], "excluded_lines": [], "functions": {"FrontendArchitectAgent.__init__": {"executed_lines": [25, 27, 28], "summary": {"covered_lines": 3, "num_statements": 4, "percent_covered": 75.0, "percent_covered_display": "75.0", "missing_lines": 1, "excluded_lines": 0, "percent_statements_covered": 75.0, "percent_statements_covered_display": "75.0"}, "missing_lines": [26], "excluded_lines": [], "start_line": 24}, "FrontendArchitectAgent.run": {"executed_lines": [36, 38, 43, 44, 57, 59, 60, 61, 62, 63, 65, 68, 69, 71, 72, 76, 77, 81, 86], "summary": {"covered_lines": 19, "num_statements": 30, "percent_covered": 63.333333333333336, "percent_covered_display": "63.3", "missing_lines": 11, "excluded_lines": 0, "percent_statements_covered": 63.333333333333336, "percent_statements_covered_display": "63.3"}, "missing_lines": [50, 51, 52, 53, 54, 55, 66, 73, 74, 78, 79], "excluded_lines": [], "start_line": 30}, "FrontendArchitectAgent._parse_output": {"executed_lines": [89, 92], "summary": {"covered_lines": 2, "num_statements": 2, "percent_covered": 100.0, "percent_covered_display": "100.0", "missing_lines": 0, "excluded_lines": 0, "percent_statements_covered": 100.0, "percent_statements_covered_display": "100.0"}, "missing_lines": [], "excluded_lines": [], "start_line": 88}, "FrontendArchitectAgent._parse_output.uid": {"executed_lines": [90], "summary": {"covered_lines": 1, "num_statements": 1, "percent_covered": 100.0, "percent_covered_display": "100.0", "missing_lines": 0, "excluded_lines": 0, "percent_statements_covered": 100.0, "percent_statements_covered_display": "100.0"}, "missing_lines": [], "excluded_lines": [], "start_line": 89}, "": {"executed_lines": [1, 2, 3, 5, 7, 8, 9, 10, 11, 20, 23, 24, 30, 88], "summary": {"covered_lines": 14, "num_statements": 14, "percent_covered": 100.0, "percent_covered_display": "100.0", "missing_lines": 0, "excluded_lines": 0, "percent_statements_covered": 100.0, "percent_statements_covered_display": "100.0"}, "missing_lines": [], "excluded_lines": [], "start_line": 1}}, "classes": {"FrontendArchitectAgent": {"executed_lines": [25, 27, 28, 36, 38, 43, 44, 57, 59, 60, 61, 62, 63, 65, 68, 69, 71, 72, 76, 77, 81, 86, 89, 90, 92], "summary": {"covered_lines": 25, "num_statements": 37, "percent_covered": 67.56756756756756, "percent_covered_display": "67.6", "missing_lines": 12, "excluded_lines": 0, "percent_statements_covered": 67.56756756756756, "percent_statements_covered_display": "67.6"}, "missing_lines": [26, 50, 51, 52, 53, 54, 55, 66, 73, 74, 78, 79], "excluded_lines": [], "start_line": 23}, "": {"executed_lines": [1, 2, 3, 5, 7, 8, 9, 10, 11, 20, 23, 24, 30, 88], "summary": {"covered_lines": 14, "num_statements": 14, "percent_covered": 100.0, "percent_covered_display": "100.0", "missing_lines": 0, "excluded_lines": 0, "percent_statements_covered": 100.0, "percent_statements_covered_display": "100.0"}, "missing_lines": [], "excluded_lines": [], "start_line": 1}}}, "app/agents/frontend_code_review.py": {"executed_lines": [1, 2, 3, 5, 7, 8, 9, 10, 11, 12, 18, 21, 22, 23, 25, 26, 28, 34, 36, 41, 42, 55, 57, 58, 59, 60, 61, 63, 66, 67, 69, 70, 74, 75, 79, 85, 87, 88, 89, 91, 104, 105, 106, 108, 119, 120, 121, 124, 126], "summary": {"covered_lines": 49, "num_statements": 62, "percent_covered": 79.03225806451613, "percent_covered_display": "79.0", "missing_lines": 13, "excluded_lines": 0, "percent_statements_covered": 79.03225806451613, "percent_statements_covered_display": "79.0"}, "missing_lines": [24, 48, 49, 50, 51, 52, 53, 64, 71, 72, 76, 77, 122], "excluded_lines": [], "functions": {"FrontendCodeReviewAgent.__init__": {"executed_lines": [23, 25, 26], "summary": {"covered_lines": 3, "num_statements": 4, "percent_covered": 75.0, "percent_covered_display": "75.0", "missing_lines": 1, "excluded_lines": 0, "percent_statements_covered": 75.0, "percent_statements_covered_display": "75.0"}, "missing_lines": [24], "excluded_lines": [], "start_line": 22}, "FrontendCodeReviewAgent.run": {"executed_lines": [34, 36, 41, 42, 55, 57, 58, 59, 60, 61, 63, 66, 67, 69, 70, 74, 75, 79, 85], "summary": {"covered_lines": 19, "num_statements": 30, "percent_covered": 63.333333333333336, "percent_covered_display": "63.3", "missing_lines": 11, "excluded_lines": 0, "percent_statements_covered": 63.333333333333336, "percent_statements_covered_display": "63.3"}, "missing_lines": [48, 49, 50, 51, 52, 53, 64, 71, 72, 76, 77], "excluded_lines": [], "start_line": 28}, "FrontendCodeReviewAgent._parse_issues": {"executed_lines": [88, 91], "summary": {"covered_lines": 2, "num_statements": 2, "percent_covered": 100.0, "percent_covered_display": "100.0", "missing_lines": 0, "excluded_lines": 0, "percent_statements_covered": 100.0, "percent_statements_covered_display": "100.0"}, "missing_lines": [], "excluded_lines": [], "start_line": 87}, "FrontendCodeReviewAgent._parse_issues.uid": {"executed_lines": [89], "summary": {"covered_lines": 1, "num_statements": 1, "percent_covered": 100.0, "percent_covered_display": "100.0", "missing_lines": 0, "excluded_lines": 0, "percent_statements_covered": 100.0, "percent_statements_covered_display": "100.0"}, "missing_lines": [], "excluded_lines": [], "start_line": 88}, "FrontendCodeReviewAgent._parse_recommendations": {"executed_lines": [105, 108], "summary": {"covered_lines": 2, "num_statements": 2, "percent_covered": 100.0, "percent_covered_display": "100.0", "missing_lines": 0, "excluded_lines": 0, "percent_statements_covered": 100.0, "percent_statements_covered_display": "100.0"}, "missing_lines": [], "excluded_lines": [], "start_line": 104}, "FrontendCodeReviewAgent._parse_recommendations.uid": {"executed_lines": [106], "summary": {"covered_lines": 1, "num_statements": 1, "percent_covered": 100.0, "percent_covered_display": "100.0", "missing_lines": 0, "excluded_lines": 0, "percent_statements_covered": 100.0, "percent_statements_covered_display": "100.0"}, "missing_lines": [], "excluded_lines": [], "start_line": 105}, "FrontendCodeReviewAgent._parse_output": {"executed_lines": [120, 121, 124, 126], "summary": {"covered_lines": 4, "num_statements": 5, "percent_covered": 80.0, "percent_covered_display": "80.0", "missing_lines": 1, "excluded_lines": 0, "percent_statements_covered": 80.0, "percent_statements_covered_display": "80.0"}, "missing_lines": [122], "excluded_lines": [], "start_line": 119}, "": {"executed_lines": [1, 2, 3, 5, 7, 8, 9, 10, 11, 12, 18, 21, 22, 28, 87, 104, 119], "summary": {"covered_lines": 17, "num_statements": 17, "percent_covered": 100.0, "percent_covered_display": "100.0", "missing_lines": 0, "excluded_lines": 0, "percent_statements_covered": 100.0, "percent_statements_covered_display": "100.0"}, "missing_lines": [], "excluded_lines": [], "start_line": 1}}, "classes": {"FrontendCodeReviewAgent": {"executed_lines": [23, 25, 26, 34, 36, 41, 42, 55, 57, 58, 59, 60, 61, 63, 66, 67, 69, 70, 74, 75, 79, 85, 88, 89, 91, 105, 106, 108, 120, 121, 124, 126], "summary": {"covered_lines": 32, "num_statements": 45, "percent_covered": 71.11111111111111, "percent_covered_display": "71.1", "missing_lines": 13, "excluded_lines": 0, "percent_statements_covered": 71.11111111111111, "percent_statements_covered_display": "71.1"}, "missing_lines": [24, 48, 49, 50, 51, 52, 53, 64, 71, 72, 76, 77, 122], "excluded_lines": [], "start_line": 21}, "": {"executed_lines": [1, 2, 3, 5, 7, 8, 9, 10, 11, 12, 18, 21, 22, 28, 87, 104, 119], "summary": {"covered_lines": 17, "num_statements": 17, "percent_covered": 100.0, "percent_covered_display": "100.0", "missing_lines": 0, "excluded_lines": 0, "percent_statements_covered": 100.0, "percent_statements_covered_display": "100.0"}, "missing_lines": [], "excluded_lines": [], "start_line": 1}}}, "app/agents/frontend_execution.py": {"executed_lines": [1, 2, 3, 4, 6, 9, 12, 13, 15, 21, 27, 28, 30, 31, 35, 36, 37, 38, 40, 46], "summary": {"covered_lines": 20, "num_statements": 20, "percent_covered": 100.0, "percent_covered_display": "100.0", "missing_lines": 0, "excluded_lines": 0, "percent_statements_covered": 100.0, "percent_statements_covered_display": "100.0"}, "missing_lines": [], "excluded_lines": [], "functions": {"FrontendExecutionAgent.__init__": {"executed_lines": [13], "summary": {"covered_lines": 1, "num_statements": 1, "percent_covered": 100.0, "percent_covered_display": "100.0", "missing_lines": 0, "excluded_lines": 0, "percent_statements_covered": 100.0, "percent_statements_covered_display": "100.0"}, "missing_lines": [], "excluded_lines": [], "start_line": 12}, "FrontendExecutionAgent.run": {"executed_lines": [21, 27, 28, 30, 31, 35, 36, 37, 38, 40, 46], "summary": {"covered_lines": 11, "num_statements": 11, "percent_covered": 100.0, "percent_covered_display": "100.0", "missing_lines": 0, "excluded_lines": 0, "percent_statements_covered": 100.0, "percent_statements_covered_display": "100.0"}, "missing_lines": [], "excluded_lines": [], "start_line": 15}, "": {"executed_lines": [1, 2, 3, 4, 6, 9, 12, 15], "summary": {"covered_lines": 8, "num_statements": 8, "percent_covered": 100.0, "percent_covered_display": "100.0", "missing_lines": 0, "excluded_lines": 0, "percent_statements_covered": 100.0, "percent_statements_covered_display": "100.0"}, "missing_lines": [], "excluded_lines": [], "start_line": 1}}, "classes": {"FrontendExecutionAgent": {"executed_lines": [13, 21, 27, 28, 30, 31, 35, 36, 37, 38, 40, 46], "summary": {"covered_lines": 12, "num_statements": 12, "percent_covered": 100.0, "percent_covered_display": "100.0", "missing_lines": 0, "excluded_lines": 0, "percent_statements_covered": 100.0, "percent_statements_covered_display": "100.0"}, "missing_lines": [], "excluded_lines": [], "start_line": 9}, "": {"executed_lines": [1, 2, 3, 4, 6, 9, 12, 15], "summary": {"covered_lines": 8, "num_statements": 8, "percent_covered": 100.0, "percent_covered_display": "100.0", "missing_lines": 0, "excluded_lines": 0, "percent_statements_covered": 100.0, "percent_statements_covered_display": "100.0"}, "missing_lines": [], "excluded_lines": [], "start_line": 1}}}, "app/agents/frontend_v1.py": {"executed_lines": [1, 2, 3, 5, 7, 8, 9, 10, 11, 21, 24, 25, 26, 28, 29, 31, 37, 39, 44, 45, 58, 60, 61, 62, 63, 64, 66, 69, 70, 72, 73, 77, 78, 82, 87, 89, 90, 91, 93], "summary": {"covered_lines": 39, "num_statements": 51, "percent_covered": 76.47058823529412, "percent_covered_display": "76.5", "missing_lines": 12, "excluded_lines": 0, "percent_statements_covered": 76.47058823529412, "percent_statements_covered_display": "76.5"}, "missing_lines": [27, 51, 52, 53, 54, 55, 56, 67, 74, 75, 79, 80], "excluded_lines": [], "functions": {"FrontendDeveloperV1Agent.__init__": {"executed_lines": [26, 28, 29], "summary": {"covered_lines": 3, "num_statements": 4, "percent_covered": 75.0, "percent_covered_display": "75.0", "missing_lines": 1, "excluded_lines": 0, "percent_statements_covered": 75.0, "percent_statements_covered_display": "75.0"}, "missing_lines": [27], "excluded_lines": [], "start_line": 25}, "FrontendDeveloperV1Agent.run": {"executed_lines": [37, 39, 44, 45, 58, 60, 61, 62, 63, 64, 66, 69, 70, 72, 73, 77, 78, 82, 87], "summary": {"covered_lines": 19, "num_statements": 30, "percent_covered": 63.333333333333336, "percent_covered_display": "63.3", "missing_lines": 11, "excluded_lines": 0, "percent_statements_covered": 63.333333333333336, "percent_statements_covered_display": "63.3"}, "missing_lines": [51, 52, 53, 54, 55, 56, 67, 74, 75, 79, 80], "excluded_lines": [], "start_line": 31}, "FrontendDeveloperV1Agent._parse_output": {"executed_lines": [90, 93], "summary": {"covered_lines": 2, "num_statements": 2, "percent_covered": 100.0, "percent_covered_display": "100.0", "missing_lines": 0, "excluded_lines": 0, "percent_statements_covered": 100.0, "percent_statements_covered_display": "100.0"}, "missing_lines": [], "excluded_lines": [], "start_line": 89}, "FrontendDeveloperV1Agent._parse_output.uid": {"executed_lines": [91], "summary": {"covered_lines": 1, "num_statements": 1, "percent_covered": 100.0, "percent_covered_display": "100.0", "missing_lines": 0, "excluded_lines": 0, "percent_statements_covered": 100.0, "percent_statements_covered_display": "100.0"}, "missing_lines": [], "excluded_lines": [], "start_line": 90}, "": {"executed_lines": [1, 2, 3, 5, 7, 8, 9, 10, 11, 21, 24, 25, 31, 89], "summary": {"covered_lines": 14, "num_statements": 14, "percent_covered": 100.0, "percent_covered_display": "100.0", "missing_lines": 0, "excluded_lines": 0, "percent_statements_covered": 100.0, "percent_statements_covered_display": "100.0"}, "missing_lines": [], "excluded_lines": [], "start_line": 1}}, "classes": {"FrontendDeveloperV1Agent": {"executed_lines": [26, 28, 29, 37, 39, 44, 45, 58, 60, 61, 62, 63, 64, 66, 69, 70, 72, 73, 77, 78, 82, 87, 90, 91, 93], "summary": {"covered_lines": 25, "num_statements": 37, "percent_covered": 67.56756756756756, "percent_covered_display": "67.6", "missing_lines": 12, "excluded_lines": 0, "percent_statements_covered": 67.56756756756756, "percent_statements_covered_display": "67.6"}, "missing_lines": [27, 51, 52, 53, 54, 55, 56, 67, 74, 75, 79, 80], "excluded_lines": [], "start_line": 24}, "": {"executed_lines": [1, 2, 3, 5, 7, 8, 9, 10, 11, 21, 24, 25, 31, 89], "summary": {"covered_lines": 14, "num_statements": 14, "percent_covered": 100.0, "percent_covered_display": "100.0", "missing_lines": 0, "excluded_lines": 0, "percent_statements_covered": 100.0, "percent_statements_covered_display": "100.0"}, "missing_lines": [], "excluded_lines": [], "start_line": 1}}}, "app/agents/frontend_v2.py": {"executed_lines": [1, 2, 3, 5, 7, 8, 9, 10, 11, 13, 16, 17, 18, 20, 21, 23, 29, 31, 36, 37, 50, 52, 53, 54, 55, 56, 58, 61, 62, 64, 65, 69, 70, 74, 79, 81, 82, 83, 85, 98, 99], "summary": {"covered_lines": 41, "num_statements": 53, "percent_covered": 77.35849056603773, "percent_covered_display": "77.4", "missing_lines": 12, "excluded_lines": 0, "percent_statements_covered": 77.35849056603773, "percent_statements_covered_display": "77.4"}, "missing_lines": [19, 43, 44, 45, 46, 47, 48, 59, 66, 67, 71, 72], "excluded_lines": [], "functions": {"FrontendDeveloperV2Agent.__init__": {"executed_lines": [18, 20, 21], "summary": {"covered_lines": 3, "num_statements": 4, "percent_covered": 75.0, "percent_covered_display": "75.0", "missing_lines": 1, "excluded_lines": 0, "percent_statements_covered": 75.0, "percent_statements_covered_display": "75.0"}, "missing_lines": [19], "excluded_lines": [], "start_line": 17}, "FrontendDeveloperV2Agent.run": {"executed_lines": [29, 31, 36, 37, 50, 52, 53, 54, 55, 56, 58, 61, 62, 64, 65, 69, 70, 74, 79], "summary": {"covered_lines": 19, "num_statements": 30, "percent_covered": 63.333333333333336, "percent_covered_display": "63.3", "missing_lines": 11, "excluded_lines": 0, "percent_statements_covered": 63.333333333333336, "percent_statements_covered_display": "63.3"}, "missing_lines": [43, 44, 45, 46, 47, 48, 59, 66, 67, 71, 72], "excluded_lines": [], "start_line": 23}, "FrontendDeveloperV2Agent._parse_file_list": {"executed_lines": [82, 85], "summary": {"covered_lines": 2, "num_statements": 2, "percent_covered": 100.0, "percent_covered_display": "100.0", "missing_lines": 0, "excluded_lines": 0, "percent_statements_covered": 100.0, "percent_statements_covered_display": "100.0"}, "missing_lines": [], "excluded_lines": [], "start_line": 81}, "FrontendDeveloperV2Agent._parse_file_list.uid": {"executed_lines": [83], "summary": {"covered_lines": 1, "num_statements": 1, "percent_covered": 100.0, "percent_covered_display": "100.0", "missing_lines": 0, "excluded_lines": 0, "percent_statements_covered": 100.0, "percent_statements_covered_display": "100.0"}, "missing_lines": [], "excluded_lines": [], "start_line": 82}, "FrontendDeveloperV2Agent._parse_output": {"executed_lines": [99], "summary": {"covered_lines": 1, "num_statements": 1, "percent_covered": 100.0, "percent_covered_display": "100.0", "missing_lines": 0, "excluded_lines": 0, "percent_statements_covered": 100.0, "percent_statements_covered_display": "100.0"}, "missing_lines": [], "excluded_lines": [], "start_line": 98}, "": {"executed_lines": [1, 2, 3, 5, 7, 8, 9, 10, 11, 13, 16, 17, 23, 81, 98], "summary": {"covered_lines": 15, "num_statements": 15, "percent_covered": 100.0, "percent_covered_display": "100.0", "missing_lines": 0, "excluded_lines": 0, "percent_statements_covered": 100.0, "percent_statements_covered_display": "100.0"}, "missing_lines": [], "excluded_lines": [], "start_line": 1}}, "classes": {"FrontendDeveloperV2Agent": {"executed_lines": [18, 20, 21, 29, 31, 36, 37, 50, 52, 53, 54, 55, 56, 58, 61, 62, 64, 65, 69, 70, 74, 79, 82, 83, 85, 99], "summary": {"covered_lines": 26, "num_statements": 38, "percent_covered": 68.42105263157895, "percent_covered_display": "68.4", "missing_lines": 12, "excluded_lines": 0, "percent_statements_covered": 68.42105263157895, "percent_statements_covered_display": "68.4"}, "missing_lines": [19, 43, 44, 45, 46, 47, 48, 59, 66, 67, 71, 72], "excluded_lines": [], "start_line": 16}, "": {"executed_lines": [1, 2, 3, 5, 7, 8, 9, 10, 11, 13, 16, 17, 23, 81, 98], "summary": {"covered_lines": 15, "num_statements": 15, "percent_covered": 100.0, "percent_covered_display": "100.0", "missing_lines": 0, "excluded_lines": 0, "percent_statements_covered": 100.0, "percent_statements_covered_display": "100.0"}, "missing_lines": [], "excluded_lines": [], "start_line": 1}}}, "app/agents/frontend_v3.py": {"executed_lines": [1, 2, 4, 6, 7, 8, 9, 10, 12, 15, 16, 17, 19, 20, 22, 28, 30, 35, 36, 49, 51, 52, 53, 54, 55, 57, 60, 61, 63, 64, 68, 69, 73, 78, 80, 81, 89, 90], "summary": {"covered_lines": 38, "num_statements": 50, "percent_covered": 76.0, "percent_covered_display": "76.0", "missing_lines": 12, "excluded_lines": 0, "percent_statements_covered": 76.0, "percent_statements_covered_display": "76.0"}, "missing_lines": [18, 42, 43, 44, 45, 46, 47, 58, 65, 66, 70, 71], "excluded_lines": [], "functions": {"FrontendDeveloperV3Agent.__init__": {"executed_lines": [17, 19, 20], "summary": {"covered_lines": 3, "num_statements": 4, "percent_covered": 75.0, "percent_covered_display": "75.0", "missing_lines": 1, "excluded_lines": 0, "percent_statements_covered": 75.0, "percent_statements_covered_display": "75.0"}, "missing_lines": [18], "excluded_lines": [], "start_line": 16}, "FrontendDeveloperV3Agent.run": {"executed_lines": [28, 30, 35, 36, 49, 51, 52, 53, 54, 55, 57, 60, 61, 63, 64, 68, 69, 73, 78], "summary": {"covered_lines": 19, "num_statements": 30, "percent_covered": 63.333333333333336, "percent_covered_display": "63.3", "missing_lines": 11, "excluded_lines": 0, "percent_statements_covered": 63.333333333333336, "percent_statements_covered_display": "63.3"}, "missing_lines": [42, 43, 44, 45, 46, 47, 58, 65, 66, 70, 71], "excluded_lines": [], "start_line": 22}, "FrontendDeveloperV3Agent._parse_generated_files": {"executed_lines": [81], "summary": {"covered_lines": 1, "num_statements": 1, "percent_covered": 100.0, "percent_covered_display": "100.0", "missing_lines": 0, "excluded_lines": 0, "percent_statements_covered": 100.0, "percent_statements_covered_display": "100.0"}, "missing_lines": [], "excluded_lines": [], "start_line": 80}, "FrontendDeveloperV3Agent._parse_output": {"executed_lines": [90], "summary": {"covered_lines": 1, "num_statements": 1, "percent_covered": 100.0, "percent_covered_display": "100.0", "missing_lines": 0, "excluded_lines": 0, "percent_statements_covered": 100.0, "percent_statements_covered_display": "100.0"}, "missing_lines": [], "excluded_lines": [], "start_line": 89}, "": {"executed_lines": [1, 2, 4, 6, 7, 8, 9, 10, 12, 15, 16, 22, 80, 89], "summary": {"covered_lines": 14, "num_statements": 14, "percent_covered": 100.0, "percent_covered_display": "100.0", "missing_lines": 0, "excluded_lines": 0, "percent_statements_covered": 100.0, "percent_statements_covered_display": "100.0"}, "missing_lines": [], "excluded_lines": [], "start_line": 1}}, "classes": {"FrontendDeveloperV3Agent": {"executed_lines": [17, 19, 20, 28, 30, 35, 36, 49, 51, 52, 53, 54, 55, 57, 60, 61, 63, 64, 68, 69, 73, 78, 81, 90], "summary": {"covered_lines": 24, "num_statements": 36, "percent_covered": 66.66666666666667, "percent_covered_display": "66.7", "missing_lines": 12, "excluded_lines": 0, "percent_statements_covered": 66.66666666666667, "percent_statements_covered_display": "66.7"}, "missing_lines": [18, 42, 43, 44, 45, 46, 47, 58, 65, 66, 70, 71], "excluded_lines": [], "start_line": 15}, "": {"executed_lines": [1, 2, 4, 6, 7, 8, 9, 10, 12, 15, 16, 22, 80, 89], "summary": {"covered_lines": 14, "num_statements": 14, "percent_covered": 100.0, "percent_covered_display": "100.0", "missing_lines": 0, "excluded_lines": 0, "percent_statements_covered": 100.0, "percent_statements_covered_display": "100.0"}, "missing_lines": [], "excluded_lines": [], "start_line": 1}}}, "app/agents/fullstack_assembly.py": {"executed_lines": [1, 2, 3, 4, 6, 9, 12, 13, 15, 23, 28, 29, 31, 32, 34, 35, 46, 50], "summary": {"covered_lines": 18, "num_statements": 22, "percent_covered": 81.81818181818181, "percent_covered_display": "81.8", "missing_lines": 4, "excluded_lines": 0, "percent_statements_covered": 81.81818181818181, "percent_statements_covered_display": "81.8"}, "missing_lines": [41, 42, 43, 44], "excluded_lines": [], "functions": {"FullStackAssemblyAgent.__init__": {"executed_lines": [13], "summary": {"covered_lines": 1, "num_statements": 1, "percent_covered": 100.0, "percent_covered_display": "100.0", "missing_lines": 0, "excluded_lines": 0, "percent_statements_covered": 100.0, "percent_statements_covered_display": "100.0"}, "missing_lines": [], "excluded_lines": [], "start_line": 12}, "FullStackAssemblyAgent.run": {"executed_lines": [23, 28, 29, 31, 32, 34, 35, 46, 50], "summary": {"covered_lines": 9, "num_statements": 13, "percent_covered": 69.23076923076923, "percent_covered_display": "69.2", "missing_lines": 4, "excluded_lines": 0, "percent_statements_covered": 69.23076923076923, "percent_statements_covered_display": "69.2"}, "missing_lines": [41, 42, 43, 44], "excluded_lines": [], "start_line": 15}, "": {"executed_lines": [1, 2, 3, 4, 6, 9, 12, 15], "summary": {"covered_lines": 8, "num_statements": 8, "percent_covered": 100.0, "percent_covered_display": "100.0", "missing_lines": 0, "excluded_lines": 0, "percent_statements_covered": 100.0, "percent_statements_covered_display": "100.0"}, "missing_lines": [], "excluded_lines": [], "start_line": 1}}, "classes": {"FullStackAssemblyAgent": {"executed_lines": [13, 23, 28, 29, 31, 32, 34, 35, 46, 50], "summary": {"covered_lines": 10, "num_statements": 14, "percent_covered": 71.42857142857143, "percent_covered_display": "71.4", "missing_lines": 4, "excluded_lines": 0, "percent_statements_covered": 71.42857142857143, "percent_statements_covered_display": "71.4"}, "missing_lines": [41, 42, 43, 44], "excluded_lines": [], "start_line": 9}, "": {"executed_lines": [1, 2, 3, 4, 6, 9, 12, 15], "summary": {"covered_lines": 8, "num_statements": 8, "percent_covered": 100.0, "percent_covered_display": "100.0", "missing_lines": 0, "excluded_lines": 0, "percent_statements_covered": 100.0, "percent_statements_covered_display": "100.0"}, "missing_lines": [], "excluded_lines": [], "start_line": 1}}}, "app/agents/product_owner.py": {"executed_lines": [1, 2, 3, 5, 7, 8, 9, 10, 12, 14, 84, 85, 86, 87, 88, 90, 95, 97, 98, 113, 114, 115, 116, 117, 118, 119, 120, 121, 123, 125, 126, 127, 128, 129, 131, 132, 135, 136, 138, 139, 140, 141, 142, 144, 145, 150, 157, 159, 160, 161, 188, 199, 210], "summary": {"covered_lines": 53, "num_statements": 63, "percent_covered": 84.12698412698413, "percent_covered_display": "84.1", "missing_lines": 10, "excluded_lines": 0, "percent_statements_covered": 84.12698412698413, "percent_statements_covered_display": "84.1"}, "missing_lines": [146, 147, 148, 162, 163, 164, 165, 166, 175, 181], "excluded_lines": [], "functions": {"ProductOwnerAgent.__init__": {"executed_lines": [86, 87, 88], "summary": {"covered_lines": 3, "num_statements": 3, "percent_covered": 100.0, "percent_covered_display": "100.0", "missing_lines": 0, "excluded_lines": 0, "percent_statements_covered": 100.0, "percent_statements_covered_display": "100.0"}, "missing_lines": [], "excluded_lines": [], "start_line": 85}, "ProductOwnerAgent.run": {"executed_lines": [95, 97, 98, 113, 114, 115, 116, 117, 118, 119, 120, 121, 123, 125, 126, 127, 128, 129, 131, 132, 135, 136, 138, 139, 140, 141, 142, 144, 145, 150, 157], "summary": {"covered_lines": 31, "num_statements": 34, "percent_covered": 91.17647058823529, "percent_covered_display": "91.2", "missing_lines": 3, "excluded_lines": 0, "percent_statements_covered": 91.17647058823529, "percent_statements_covered_display": "91.2"}, "missing_lines": [146, 147, 148], "excluded_lines": [], "start_line": 90}, "ProductOwnerAgent._parse_output": {"executed_lines": [160, 161, 188, 199, 210], "summary": {"covered_lines": 5, "num_statements": 12, "percent_covered": 41.666666666666664, "percent_covered_display": "41.7", "missing_lines": 7, "excluded_lines": 0, "percent_statements_covered": 41.666666666666664, "percent_statements_covered_display": "41.7"}, "missing_lines": [162, 163, 164, 165, 166, 175, 181], "excluded_lines": [], "start_line": 159}, "": {"executed_lines": [1, 2, 3, 5, 7, 8, 9, 10, 12, 14, 84, 85, 90, 159], "summary": {"covered_lines": 14, "num_statements": 14, "percent_covered": 100.0, "percent_covered_display": "100.0", "missing_lines": 0, "excluded_lines": 0, "percent_statements_covered": 100.0, "percent_statements_covered_display": "100.0"}, "missing_lines": [], "excluded_lines": [], "start_line": 1}}, "classes": {"ProductOwnerAgent": {"executed_lines": [86, 87, 88, 95, 97, 98, 113, 114, 115, 116, 117, 118, 119, 120, 121, 123, 125, 126, 127, 128, 129, 131, 132, 135, 136, 138, 139, 140, 141, 142, 144, 145, 150, 157, 160, 161, 188, 199, 210], "summary": {"covered_lines": 39, "num_statements": 49, "percent_covered": 79.59183673469387, "percent_covered_display": "79.6", "missing_lines": 10, "excluded_lines": 0, "percent_statements_covered": 79.59183673469387, "percent_statements_covered_display": "79.6"}, "missing_lines": [146, 147, 148, 162, 163, 164, 165, 166, 175, 181], "excluded_lines": [], "start_line": 84}, "": {"executed_lines": [1, 2, 3, 5, 7, 8, 9, 10, 12, 14, 84, 85, 90, 159], "summary": {"covered_lines": 14, "num_statements": 14, "percent_covered": 100.0, "percent_covered_display": "100.0", "missing_lines": 0, "excluded_lines": 0, "percent_statements_covered": 100.0, "percent_statements_covered_display": "100.0"}, "missing_lines": [], "excluded_lines": [], "start_line": 1}}}, "app/agents/uiux_designer.py": {"executed_lines": [1, 2, 3, 5, 7, 8, 9, 10, 19, 21, 24, 25, 26, 28, 29, 31, 37, 39, 44, 45, 51, 53, 54, 58, 60, 61, 62, 63, 64, 66, 69, 70, 72, 73, 77, 78, 82, 87, 89, 90, 91, 93], "summary": {"covered_lines": 42, "num_statements": 51, "percent_covered": 82.3529411764706, "percent_covered_display": "82.4", "missing_lines": 9, "excluded_lines": 0, "percent_statements_covered": 82.3529411764706, "percent_statements_covered_display": "82.4"}, "missing_lines": [27, 52, 55, 56, 67, 74, 75, 79, 80], "excluded_lines": [], "functions": {"UIUXDesignerAgent.__init__": {"executed_lines": [26, 28, 29], "summary": {"covered_lines": 3, "num_statements": 4, "percent_covered": 75.0, "percent_covered_display": "75.0", "missing_lines": 1, "excluded_lines": 0, "percent_statements_covered": 75.0, "percent_statements_covered_display": "75.0"}, "missing_lines": [27], "excluded_lines": [], "start_line": 25}, "UIUXDesignerAgent.run": {"executed_lines": [37, 39, 44, 45, 51, 53, 54, 58, 60, 61, 62, 63, 64, 66, 69, 70, 72, 73, 77, 78, 82, 87], "summary": {"covered_lines": 22, "num_statements": 30, "percent_covered": 73.33333333333333, "percent_covered_display": "73.3", "missing_lines": 8, "excluded_lines": 0, "percent_statements_covered": 73.33333333333333, "percent_statements_covered_display": "73.3"}, "missing_lines": [52, 55, 56, 67, 74, 75, 79, 80], "excluded_lines": [], "start_line": 31}, "UIUXDesignerAgent._parse_output": {"executed_lines": [90, 93], "summary": {"covered_lines": 2, "num_statements": 2, "percent_covered": 100.0, "percent_covered_display": "100.0", "missing_lines": 0, "excluded_lines": 0, "percent_statements_covered": 100.0, "percent_statements_covered_display": "100.0"}, "missing_lines": [], "excluded_lines": [], "start_line": 89}, "UIUXDesignerAgent._parse_output.uid": {"executed_lines": [91], "summary": {"covered_lines": 1, "num_statements": 1, "percent_covered": 100.0, "percent_covered_display": "100.0", "missing_lines": 0, "excluded_lines": 0, "percent_statements_covered": 100.0, "percent_statements_covered_display": "100.0"}, "missing_lines": [], "excluded_lines": [], "start_line": 90}, "": {"executed_lines": [1, 2, 3, 5, 7, 8, 9, 10, 19, 21, 24, 25, 31, 89], "summary": {"covered_lines": 14, "num_statements": 14, "percent_covered": 100.0, "percent_covered_display": "100.0", "missing_lines": 0, "excluded_lines": 0, "percent_statements_covered": 100.0, "percent_statements_covered_display": "100.0"}, "missing_lines": [], "excluded_lines": [], "start_line": 1}}, "classes": {"UIUXDesignerAgent": {"executed_lines": [26, 28, 29, 37, 39, 44, 45, 51, 53, 54, 58, 60, 61, 62, 63, 64, 66, 69, 70, 72, 73, 77, 78, 82, 87, 90, 91, 93], "summary": {"covered_lines": 28, "num_statements": 37, "percent_covered": 75.67567567567568, "percent_covered_display": "75.7", "missing_lines": 9, "excluded_lines": 0, "percent_statements_covered": 75.67567567567568, "percent_statements_covered_display": "75.7"}, "missing_lines": [27, 52, 55, 56, 67, 74, 75, 79, 80], "excluded_lines": [], "start_line": 24}, "": {"executed_lines": [1, 2, 3, 5, 7, 8, 9, 10, 19, 21, 24, 25, 31, 89], "summary": {"covered_lines": 14, "num_statements": 14, "percent_covered": 100.0, "percent_covered_display": "100.0", "missing_lines": 0, "excluded_lines": 0, "percent_statements_covered": 100.0, "percent_statements_covered_display": "100.0"}, "missing_lines": [], "excluded_lines": [], "start_line": 1}}}, "app/ai_agents/resolution.py": {"executed_lines": [1, 3, 4, 5, 6, 7, 8, 13, 16, 19, 20, 21, 22, 23, 25, 28, 34, 41, 65], "summary": {"covered_lines": 19, "num_statements": 38, "percent_covered": 50.0, "percent_covered_display": "50.0", "missing_lines": 19, "excluded_lines": 0, "percent_statements_covered": 50.0, "percent_statements_covered_display": "50.0"}, "missing_lines": [29, 30, 31, 33, 35, 36, 37, 38, 39, 40, 48, 59, 60, 61, 62, 63, 64, 94, 95], "excluded_lines": [], "functions": {"AgentResolutionService.__init__": {"executed_lines": [20, 21, 22, 23], "summary": {"covered_lines": 4, "num_statements": 4, "percent_covered": 100.0, "percent_covered_display": "100.0", "missing_lines": 0, "excluded_lines": 0, "percent_statements_covered": 100.0, "percent_statements_covered_display": "100.0"}, "missing_lines": [], "excluded_lines": [], "start_line": 19}, "AgentResolutionService.resolve": {"executed_lines": [28, 34, 41, 65], "summary": {"covered_lines": 4, "num_statements": 23, "percent_covered": 17.391304347826086, "percent_covered_display": "17.4", "missing_lines": 19, "excluded_lines": 0, "percent_statements_covered": 17.391304347826086, "percent_statements_covered_display": "17.4"}, "missing_lines": [29, 30, 31, 33, 35, 36, 37, 38, 39, 40, 48, 59, 60, 61, 62, 63, 64, 94, 95], "excluded_lines": [], "start_line": 25}, "": {"executed_lines": [1, 3, 4, 5, 6, 7, 8, 13, 16, 19, 25], "summary": {"covered_lines": 11, "num_statements": 11, "percent_covered": 100.0, "percent_covered_display": "100.0", "missing_lines": 0, "excluded_lines": 0, "percent_statements_covered": 100.0, "percent_statements_covered_display": "100.0"}, "missing_lines": [], "excluded_lines": [], "start_line": 1}}, "classes": {"AgentResolutionService": {"executed_lines": [20, 21, 22, 23, 28, 34, 41, 65], "summary": {"covered_lines": 8, "num_statements": 27, "percent_covered": 29.62962962962963, "percent_covered_display": "29.6", "missing_lines": 19, "excluded_lines": 0, "percent_statements_covered": 29.62962962962963, "percent_statements_covered_display": "29.6"}, "missing_lines": [29, 30, 31, 33, 35, 36, 37, 38, 39, 40, 48, 59, 60, 61, 62, 63, 64, 94, 95], "excluded_lines": [], "start_line": 16}, "": {"executed_lines": [1, 3, 4, 5, 6, 7, 8, 13, 16, 19, 25], "summary": {"covered_lines": 11, "num_statements": 11, "percent_covered": 100.0, "percent_covered_display": "100.0", "missing_lines": 0, "excluded_lines": 0, "percent_statements_covered": 100.0, "percent_statements_covered_display": "100.0"}, "missing_lines": [], "excluded_lines": [], "start_line": 1}}}, "app/ai_agents/templates.py": {"executed_lines": [1, 2, 3, 5, 6, 9, 10, 11, 12, 13, 16, 17, 18, 19, 22, 23, 24, 25, 26, 29, 30, 31, 32, 33, 34, 35, 36, 37, 38, 39, 40, 41, 42, 45, 48, 49, 50, 53, 54, 55, 91, 92, 93, 96, 99, 100, 101, 102, 103, 106, 107, 108, 109, 110], "summary": {"covered_lines": 54, "num_statements": 55, "percent_covered": 98.18181818181819, "percent_covered_display": "98.2", "missing_lines": 1, "excluded_lines": 0, "percent_statements_covered": 98.18181818181819, "percent_statements_covered_display": "98.2"}, "missing_lines": [111], "excluded_lines": [], "functions": {"load_catalog_raw": {"executed_lines": [49, 50], "summary": {"covered_lines": 2, "num_statements": 2, "percent_covered": 100.0, "percent_covered_display": "100.0", "missing_lines": 0, "excluded_lines": 0, "percent_statements_covered": 100.0, "percent_statements_covered_display": "100.0"}, "missing_lines": [], "excluded_lines": [], "start_line": 48}, "_parse_template": {"executed_lines": [54, 55], "summary": {"covered_lines": 2, "num_statements": 2, "percent_covered": 100.0, "percent_covered_display": "100.0", "missing_lines": 0, "excluded_lines": 0, "percent_statements_covered": 100.0, "percent_statements_covered_display": "100.0"}, "missing_lines": [], "excluded_lines": [], "start_line": 53}, "load_templates": {"executed_lines": [92, 93], "summary": {"covered_lines": 2, "num_statements": 2, "percent_covered": 100.0, "percent_covered_display": "100.0", "missing_lines": 0, "excluded_lines": 0, "percent_statements_covered": 100.0, "percent_statements_covered_display": "100.0"}, "missing_lines": [], "excluded_lines": [], "start_line": 91}, "get_template_by_slug": {"executed_lines": [100, 101, 102, 103], "summary": {"covered_lines": 4, "num_statements": 4, "percent_covered": 100.0, "percent_covered_display": "100.0", "missing_lines": 0, "excluded_lines": 0, "percent_statements_covered": 100.0, "percent_statements_covered_display": "100.0"}, "missing_lines": [], "excluded_lines": [], "start_line": 99}, "get_template_definition": {"executed_lines": [107, 108, 109, 110], "summary": {"covered_lines": 4, "num_statements": 5, "percent_covered": 80.0, "percent_covered_display": "80.0", "missing_lines": 1, "excluded_lines": 0, "percent_statements_covered": 80.0, "percent_statements_covered_display": "80.0"}, "missing_lines": [111], "excluded_lines": [], "start_line": 106}, "": {"executed_lines": [1, 2, 3, 5, 6, 9, 10, 11, 12, 13, 16, 17, 18, 19, 22, 23, 24, 25, 26, 29, 30, 31, 32, 33, 34, 35, 36, 37, 38, 39, 40, 41, 42, 45, 48, 53, 91, 96, 99, 106], "summary": {"covered_lines": 40, "num_statements": 40, "percent_covered": 100.0, "percent_covered_display": "100.0", "missing_lines": 0, "excluded_lines": 0, "percent_statements_covered": 100.0, "percent_statements_covered_display": "100.0"}, "missing_lines": [], "excluded_lines": [], "start_line": 1}}, "classes": {"TemplateInput": {"executed_lines": [], "summary": {"covered_lines": 0, "num_statements": 0, "percent_covered": 100.0, "percent_covered_display": "100.0", "missing_lines": 0, "excluded_lines": 0, "percent_statements_covered": 100.0, "percent_statements_covered_display": "100.0"}, "missing_lines": [], "excluded_lines": [], "start_line": 10}, "TemplateOutput": {"executed_lines": [], "summary": {"covered_lines": 0, "num_statements": 0, "percent_covered": 100.0, "percent_covered_display": "100.0", "missing_lines": 0, "excluded_lines": 0, "percent_statements_covered": 100.0, "percent_statements_covered_display": "100.0"}, "missing_lines": [], "excluded_lines": [], "start_line": 17}, "TemplateResponsibility": {"executed_lines": [], "summary": {"covered_lines": 0, "num_statements": 0, "percent_covered": 100.0, "percent_covered_display": "100.0", "missing_lines": 0, "excluded_lines": 0, "percent_statements_covered": 100.0, "percent_statements_covered_display": "100.0"}, "missing_lines": [], "excluded_lines": [], "start_line": 23}, "AIAgentTemplate": {"executed_lines": [], "summary": {"covered_lines": 0, "num_statements": 0, "percent_covered": 100.0, "percent_covered_display": "100.0", "missing_lines": 0, "excluded_lines": 0, "percent_statements_covered": 100.0, "percent_statements_covered_display": "100.0"}, "missing_lines": [], "excluded_lines": [], "start_line": 30}, "": {"executed_lines": [1, 2, 3, 5, 6, 9, 10, 11, 12, 13, 16, 17, 18, 19, 22, 23, 24, 25, 26, 29, 30, 31, 32, 33, 34, 35, 36, 37, 38, 39, 40, 41, 42, 45, 48, 49, 50, 53, 54, 55, 91, 92, 93, 96, 99, 100, 101, 102, 103, 106, 107, 108, 109, 110], "summary": {"covered_lines": 54, "num_statements": 55, "percent_covered": 98.18181818181819, "percent_covered_display": "98.2", "missing_lines": 1, "excluded_lines": 0, "percent_statements_covered": 98.18181818181819, "percent_statements_covered_display": "98.2"}, "missing_lines": [111], "excluded_lines": [], "start_line": 1}}}, "app/api/v1/agents.py": {"executed_lines": [2, 4, 5, 6, 7, 8, 9, 11, 14, 15, 30, 31, 32, 33, 36, 37, 46, 47, 48, 52, 55, 58, 59, 63, 64, 74], "summary": {"covered_lines": 26, "num_statements": 40, "percent_covered": 65.0, "percent_covered_display": "65.0", "missing_lines": 14, "excluded_lines": 0, "percent_statements_covered": 65.0, "percent_statements_covered_display": "65.0"}, "missing_lines": [49, 50, 65, 66, 67, 69, 71, 72, 73, 75, 76, 77, 78, 80], "excluded_lines": [], "functions": {"run_product_owner_agent": {"executed_lines": [30, 31, 32, 33], "summary": {"covered_lines": 4, "num_statements": 4, "percent_covered": 100.0, "percent_covered_display": "100.0", "missing_lines": 0, "excluded_lines": 0, "percent_statements_covered": 100.0, "percent_statements_covered_display": "100.0"}, "missing_lines": [], "excluded_lines": [], "start_line": 15}, "list_agent_runs": {"executed_lines": [46, 47, 48, 52, 55], "summary": {"covered_lines": 5, "num_statements": 7, "percent_covered": 71.42857142857143, "percent_covered_display": "71.4", "missing_lines": 2, "excluded_lines": 0, "percent_statements_covered": 71.42857142857143, "percent_statements_covered_display": "71.4"}, "missing_lines": [49, 50], "excluded_lines": [], "start_line": 37}, "get_agent_run": {"executed_lines": [63, 64, 74], "summary": {"covered_lines": 3, "num_statements": 15, "percent_covered": 20.0, "percent_covered_display": "20.0", "missing_lines": 12, "excluded_lines": 0, "percent_statements_covered": 20.0, "percent_statements_covered_display": "20.0"}, "missing_lines": [65, 66, 67, 69, 71, 72, 73, 75, 76, 77, 78, 80], "excluded_lines": [], "start_line": 59}, "": {"executed_lines": [2, 4, 5, 6, 7, 8, 9, 11, 14, 15, 36, 37, 58, 59], "summary": {"covered_lines": 14, "num_statements": 14, "percent_covered": 100.0, "percent_covered_display": "100.0", "missing_lines": 0, "excluded_lines": 0, "percent_statements_covered": 100.0, "percent_statements_covered_display": "100.0"}, "missing_lines": [], "excluded_lines": [], "start_line": 1}}, "classes": {"": {"executed_lines": [2, 4, 5, 6, 7, 8, 9, 11, 14, 15, 30, 31, 32, 33, 36, 37, 46, 47, 48, 52, 55, 58, 59, 63, 64, 74], "summary": {"covered_lines": 26, "num_statements": 40, "percent_covered": 65.0, "percent_covered_display": "65.0", "missing_lines": 14, "excluded_lines": 0, "percent_statements_covered": 65.0, "percent_statements_covered_display": "65.0"}, "missing_lines": [49, 50, 65, 66, 67, 69, 71, 72, 73, 75, 76, 77, 78, 80], "excluded_lines": [], "start_line": 1}}}, "app/api/v1/ai_agent_components.py": {"executed_lines": [1, 3, 4, 5, 13, 15, 18, 19, 26, 27, 30, 31, 37, 38, 41, 42, 49, 50, 53, 54, 60, 61, 64, 65, 72, 73, 78, 79, 85, 86], "summary": {"covered_lines": 30, "num_statements": 30, "percent_covered": 100.0, "percent_covered_display": "100.0", "missing_lines": 0, "excluded_lines": 0, "percent_statements_covered": 100.0, "percent_statements_covered_display": "100.0"}, "missing_lines": [], "excluded_lines": [], "functions": {"update_agent_input": {"executed_lines": [26, 27], "summary": {"covered_lines": 2, "num_statements": 2, "percent_covered": 100.0, "percent_covered_display": "100.0", "missing_lines": 0, "excluded_lines": 0, "percent_statements_covered": 100.0, "percent_statements_covered_display": "100.0"}, "missing_lines": [], "excluded_lines": [], "start_line": 19}, "delete_agent_input": {"executed_lines": [37, 38], "summary": {"covered_lines": 2, "num_statements": 2, "percent_covered": 100.0, "percent_covered_display": "100.0", "missing_lines": 0, "excluded_lines": 0, "percent_statements_covered": 100.0, "percent_statements_covered_display": "100.0"}, "missing_lines": [], "excluded_lines": [], "start_line": 31}, "update_agent_output": {"executed_lines": [49, 50], "summary": {"covered_lines": 2, "num_statements": 2, "percent_covered": 100.0, "percent_covered_display": "100.0", "missing_lines": 0, "excluded_lines": 0, "percent_statements_covered": 100.0, "percent_statements_covered_display": "100.0"}, "missing_lines": [], "excluded_lines": [], "start_line": 42}, "delete_agent_output": {"executed_lines": [60, 61], "summary": {"covered_lines": 2, "num_statements": 2, "percent_covered": 100.0, "percent_covered_display": "100.0", "missing_lines": 0, "excluded_lines": 0, "percent_statements_covered": 100.0, "percent_statements_covered_display": "100.0"}, "missing_lines": [], "excluded_lines": [], "start_line": 54}, "update_agent_responsibility": {"executed_lines": [72, 73], "summary": {"covered_lines": 2, "num_statements": 2, "percent_covered": 100.0, "percent_covered_display": "100.0", "missing_lines": 0, "excluded_lines": 0, "percent_statements_covered": 100.0, "percent_statements_covered_display": "100.0"}, "missing_lines": [], "excluded_lines": [], "start_line": 65}, "delete_agent_responsibility": {"executed_lines": [85, 86], "summary": {"covered_lines": 2, "num_statements": 2, "percent_covered": 100.0, "percent_covered_display": "100.0", "missing_lines": 0, "excluded_lines": 0, "percent_statements_covered": 100.0, "percent_statements_covered_display": "100.0"}, "missing_lines": [], "excluded_lines": [], "start_line": 79}, "": {"executed_lines": [1, 3, 4, 5, 13, 15, 18, 19, 30, 31, 41, 42, 53, 54, 64, 65, 78, 79], "summary": {"covered_lines": 18, "num_statements": 18, "percent_covered": 100.0, "percent_covered_display": "100.0", "missing_lines": 0, "excluded_lines": 0, "percent_statements_covered": 100.0, "percent_statements_covered_display": "100.0"}, "missing_lines": [], "excluded_lines": [], "start_line": 1}}, "classes": {"": {"executed_lines": [1, 3, 4, 5, 13, 15, 18, 19, 26, 27, 30, 31, 37, 38, 41, 42, 49, 50, 53, 54, 60, 61, 64, 65, 72, 73, 78, 79, 85, 86], "summary": {"covered_lines": 30, "num_statements": 30, "percent_covered": 100.0, "percent_covered_display": "100.0", "missing_lines": 0, "excluded_lines": 0, "percent_statements_covered": 100.0, "percent_statements_covered_display": "100.0"}, "missing_lines": [], "excluded_lines": [], "start_line": 1}}}, "app/api/v1/ai_agent_templates.py": {"executed_lines": [1, 3, 4, 5, 11, 13, 16, 17, 23, 24, 29, 30, 36, 37, 40, 41, 47, 48], "summary": {"covered_lines": 18, "num_statements": 18, "percent_covered": 100.0, "percent_covered_display": "100.0", "missing_lines": 0, "excluded_lines": 0, "percent_statements_covered": 100.0, "percent_statements_covered_display": "100.0"}, "missing_lines": [], "excluded_lines": [], "functions": {"list_ai_agent_templates": {"executed_lines": [23, 24], "summary": {"covered_lines": 2, "num_statements": 2, "percent_covered": 100.0, "percent_covered_display": "100.0", "missing_lines": 0, "excluded_lines": 0, "percent_statements_covered": 100.0, "percent_statements_covered_display": "100.0"}, "missing_lines": [], "excluded_lines": [], "start_line": 17}, "apply_ai_agent_template": {"executed_lines": [36, 37], "summary": {"covered_lines": 2, "num_statements": 2, "percent_covered": 100.0, "percent_covered_display": "100.0", "missing_lines": 0, "excluded_lines": 0, "percent_statements_covered": 100.0, "percent_statements_covered_display": "100.0"}, "missing_lines": [], "excluded_lines": [], "start_line": 30}, "get_ai_agent_template": {"executed_lines": [47, 48], "summary": {"covered_lines": 2, "num_statements": 2, "percent_covered": 100.0, "percent_covered_display": "100.0", "missing_lines": 0, "excluded_lines": 0, "percent_statements_covered": 100.0, "percent_statements_covered_display": "100.0"}, "missing_lines": [], "excluded_lines": [], "start_line": 41}, "": {"executed_lines": [1, 3, 4, 5, 11, 13, 16, 17, 29, 30, 40, 41], "summary": {"covered_lines": 12, "num_statements": 12, "percent_covered": 100.0, "percent_covered_display": "100.0", "missing_lines": 0, "excluded_lines": 0, "percent_statements_covered": 100.0, "percent_statements_covered_display": "100.0"}, "missing_lines": [], "excluded_lines": [], "start_line": 1}}, "classes": {"": {"executed_lines": [1, 3, 4, 5, 11, 13, 16, 17, 23, 24, 29, 30, 36, 37, 40, 41, 47, 48], "summary": {"covered_lines": 18, "num_statements": 18, "percent_covered": 100.0, "percent_covered_display": "100.0", "missing_lines": 0, "excluded_lines": 0, "percent_statements_covered": 100.0, "percent_statements_covered_display": "100.0"}, "missing_lines": [], "excluded_lines": [], "start_line": 1}}}, "app/api/v1/ai_agents.py": {"executed_lines": [2, 4, 5, 6, 7, 8, 25, 26, 28, 31, 32, 38, 39, 41, 45, 46, 49, 50, 58, 59, 64, 65, 71, 72, 75, 76, 82, 83, 86, 87, 94, 95, 98, 99, 105, 106, 109, 110, 116, 117, 120, 121, 127, 128, 131, 132, 139, 140, 143, 144, 151, 152, 155, 160, 167, 168, 171, 172, 179, 180, 183, 184, 191, 192, 195, 196, 202, 203], "summary": {"covered_lines": 68, "num_statements": 69, "percent_covered": 98.55072463768116, "percent_covered_display": "98.6", "missing_lines": 1, "excluded_lines": 0, "percent_statements_covered": 98.55072463768116, "percent_statements_covered_display": "98.6"}, "missing_lines": [44], "excluded_lines": [], "functions": {"resolve_stage_agents": {"executed_lines": [38, 39, 41, 45, 46], "summary": {"covered_lines": 5, "num_statements": 6, "percent_covered": 83.33333333333333, "percent_covered_display": "83.3", "missing_lines": 1, "excluded_lines": 0, "percent_statements_covered": 83.33333333333333, "percent_statements_covered_display": "83.3"}, "missing_lines": [44], "excluded_lines": [], "start_line": 32}, "list_ai_agents": {"executed_lines": [58, 59], "summary": {"covered_lines": 2, "num_statements": 2, "percent_covered": 100.0, "percent_covered_display": "100.0", "missing_lines": 0, "excluded_lines": 0, "percent_statements_covered": 100.0, "percent_statements_covered_display": "100.0"}, "missing_lines": [], "excluded_lines": [], "start_line": 50}, "create_ai_agent": {"executed_lines": [71, 72], "summary": {"covered_lines": 2, "num_statements": 2, "percent_covered": 100.0, "percent_covered_display": "100.0", "missing_lines": 0, "excluded_lines": 0, "percent_statements_covered": 100.0, "percent_statements_covered_display": "100.0"}, "missing_lines": [], "excluded_lines": [], "start_line": 65}, "get_ai_agent": {"executed_lines": [82, 83], "summary": {"covered_lines": 2, "num_statements": 2, "percent_covered": 100.0, "percent_covered_display": "100.0", "missing_lines": 0, "excluded_lines": 0, "percent_statements_covered": 100.0, "percent_statements_covered_display": "100.0"}, "missing_lines": [], "excluded_lines": [], "start_line": 76}, "update_ai_agent": {"executed_lines": [94, 95], "summary": {"covered_lines": 2, "num_statements": 2, "percent_covered": 100.0, "percent_covered_display": "100.0", "missing_lines": 0, "excluded_lines": 0, "percent_statements_covered": 100.0, "percent_statements_covered_display": "100.0"}, "missing_lines": [], "excluded_lines": [], "start_line": 87}, "delete_ai_agent": {"executed_lines": [105, 106], "summary": {"covered_lines": 2, "num_statements": 2, "percent_covered": 100.0, "percent_covered_display": "100.0", "missing_lines": 0, "excluded_lines": 0, "percent_statements_covered": 100.0, "percent_statements_covered_display": "100.0"}, "missing_lines": [], "excluded_lines": [], "start_line": 99}, "duplicate_ai_agent": {"executed_lines": [116, 117], "summary": {"covered_lines": 2, "num_statements": 2, "percent_covered": 100.0, "percent_covered_display": "100.0", "missing_lines": 0, "excluded_lines": 0, "percent_statements_covered": 100.0, "percent_statements_covered_display": "100.0"}, "missing_lines": [], "excluded_lines": [], "start_line": 110}, "archive_ai_agent": {"executed_lines": [127, 128], "summary": {"covered_lines": 2, "num_statements": 2, "percent_covered": 100.0, "percent_covered_display": "100.0", "missing_lines": 0, "excluded_lines": 0, "percent_statements_covered": 100.0, "percent_statements_covered_display": "100.0"}, "missing_lines": [], "excluded_lines": [], "start_line": 121}, "create_agent_input": {"executed_lines": [139, 140], "summary": {"covered_lines": 2, "num_statements": 2, "percent_covered": 100.0, "percent_covered_display": "100.0", "missing_lines": 0, "excluded_lines": 0, "percent_statements_covered": 100.0, "percent_statements_covered_display": "100.0"}, "missing_lines": [], "excluded_lines": [], "start_line": 132}, "create_agent_output": {"executed_lines": [151, 152], "summary": {"covered_lines": 2, "num_statements": 2, "percent_covered": 100.0, "percent_covered_display": "100.0", "missing_lines": 0, "excluded_lines": 0, "percent_statements_covered": 100.0, "percent_statements_covered_display": "100.0"}, "missing_lines": [], "excluded_lines": [], "start_line": 144}, "create_agent_responsibility": {"executed_lines": [167, 168], "summary": {"covered_lines": 2, "num_statements": 2, "percent_covered": 100.0, "percent_covered_display": "100.0", "missing_lines": 0, "excluded_lines": 0, "percent_statements_covered": 100.0, "percent_statements_covered_display": "100.0"}, "missing_lines": [], "excluded_lines": [], "start_line": 160}, "assign_agent_to_stage": {"executed_lines": [179, 180], "summary": {"covered_lines": 2, "num_statements": 2, "percent_covered": 100.0, "percent_covered_display": "100.0", "missing_lines": 0, "excluded_lines": 0, "percent_statements_covered": 100.0, "percent_statements_covered_display": "100.0"}, "missing_lines": [], "excluded_lines": [], "start_line": 172}, "unassign_agent": {"executed_lines": [191, 192], "summary": {"covered_lines": 2, "num_statements": 2, "percent_covered": 100.0, "percent_covered_display": "100.0", "missing_lines": 0, "excluded_lines": 0, "percent_statements_covered": 100.0, "percent_statements_covered_display": "100.0"}, "missing_lines": [], "excluded_lines": [], "start_line": 184}, "list_agent_audit": {"executed_lines": [202, 203], "summary": {"covered_lines": 2, "num_statements": 2, "percent_covered": 100.0, "percent_covered_display": "100.0", "missing_lines": 0, "excluded_lines": 0, "percent_statements_covered": 100.0, "percent_statements_covered_display": "100.0"}, "missing_lines": [], "excluded_lines": [], "start_line": 196}, "": {"executed_lines": [2, 4, 5, 6, 7, 8, 25, 26, 28, 31, 32, 49, 50, 64, 65, 75, 76, 86, 87, 98, 99, 109, 110, 120, 121, 131, 132, 143, 144, 155, 160, 171, 172, 183, 184, 195, 196], "summary": {"covered_lines": 37, "num_statements": 37, "percent_covered": 100.0, "percent_covered_display": "100.0", "missing_lines": 0, "excluded_lines": 0, "percent_statements_covered": 100.0, "percent_statements_covered_display": "100.0"}, "missing_lines": [], "excluded_lines": [], "start_line": 1}}, "classes": {"": {"executed_lines": [2, 4, 5, 6, 7, 8, 25, 26, 28, 31, 32, 38, 39, 41, 45, 46, 49, 50, 58, 59, 64, 65, 71, 72, 75, 76, 82, 83, 86, 87, 94, 95, 98, 99, 105, 106, 109, 110, 116, 117, 120, 121, 127, 128, 131, 132, 139, 140, 1
[...]
, 54, 56, 63, 64, 66, 67, 68, 71, 73, 75, 82, 89, 91, 103, 110, 111, 112, 118, 120, 129, 130, 132, 133, 134, 139, 140, 141, 142], "excluded_lines": [], "start_line": 23}, "": {"executed_lines": [1, 3, 5, 6, 7, 8, 9, 10, 11, 12, 13, 14, 15, 16, 17, 18, 20, 23, 29, 36, 136], "summary": {"covered_lines": 21, "num_statements": 21, "percent_covered": 100.0, "percent_covered_display": "100.0", "missing_lines": 0, "excluded_lines": 0, "percent_statements_covered": 100.0, "percent_statements_covered_display": "100.0"}, "missing_lines": [], "excluded_lines": [], "start_line": 1}}}, "app/workflows/execution_engine.py": {"executed_lines": [1, 2, 4, 6, 7, 8, 9, 10, 11, 12, 13, 14, 15, 20, 21, 22, 23, 24, 26, 29, 32, 33, 34, 35, 36, 37, 38, 39, 40, 41, 43, 50, 51, 56, 143, 149, 167, 168, 172, 173, 214, 215, 216, 227, 239, 240, 241, 242, 247, 274, 275, 277, 292, 293, 295, 296, 299, 303, 306, 314, 315, 323, 328], "summary": {"covered_lines": 63, "num_statements": 169, "percent_covered": 37.27810650887574, "percent_covered_display": "37.3", "missing_lines": 106, "excluded_lines": 0, "percent_statements_covered": 37.27810650887574, "percent_statements_covered_display": "37.3"}, "missing_lines": [54, 57, 65, 66, 68, 78, 79, 80, 81, 89, 90, 91, 107, 109, 121, 122, 123, 129, 152, 153, 154, 155, 157, 158, 159, 161, 162, 163, 165, 166, 171, 182, 184, 185, 186, 192, 200, 253, 260, 297, 300, 301, 304, 316, 329, 331, 332, 333, 334, 335, 336, 338, 339, 340, 341, 343, 347, 357, 363, 365, 376, 377, 378, 384, 385, 393, 400, 401, 403, 404, 405, 406, 408, 410, 422, 423, 435, 448, 449, 450, 451, 453, 454, 455, 456, 463, 474, 476, 477, 478, 488, 493, 495, 496, 497, 504, 515, 516, 517, 519, 520, 522, 531, 536, 549, 556], "excluded_lines": [], "functions": {"WorkflowExecutionEngine.__init__": {"executed_lines": [33, 34, 35, 36, 37, 38, 39, 40, 41], "summary": {"covered_lines": 9, "num_statements": 9, "percent_covered": 100.0, "percent_covered_display": "100.0", "missing_lines": 0, "excluded_lines": 0, "percent_statements_covered": 100.0, "percent_statements_covered_display": "100.0"}, "missing_lines": [], "excluded_lines": [], "start_line": 32}, "WorkflowExecutionEngine.execute": {"executed_lines": [50, 51, 56], "summary": {"covered_lines": 3, "num_statements": 21, "percent_covered": 14.285714285714286, "percent_covered_display": "14.3", "missing_lines": 18, "excluded_lines": 0, "percent_statements_covered": 14.285714285714286, "percent_statements_covered_display": "14.3"}, "missing_lines": [54, 57, 65, 66, 68, 78, 79, 80, 81, 89, 90, 91, 107, 109, 121, 122, 123, 129], "excluded_lines": [], "start_line": 43}, "WorkflowExecutionEngine.resume_after_approval": {"executed_lines": [149, 167, 168, 172, 173], "summary": {"covered_lines": 5, "num_statements": 24, "percent_covered": 20.833333333333332, "percent_covered_display": "20.8", "missing_lines": 19, "excluded_lines": 0, "percent_statements_covered": 20.833333333333332, "percent_statements_covered_display": "20.8"}, "missing_lines": [152, 153, 154, 155, 157, 158, 159, 161, 162, 163, 165, 166, 171, 182, 184, 185, 186, 192, 200], "excluded_lines": [], "start_line": 143}, "WorkflowExecutionEngine._has_human_approval": {"executed_lines": [215, 216], "summary": {"covered_lines": 2, "num_statements": 2, "percent_covered": 100.0, "percent_covered_display": "100.0", "missing_lines": 0, "excluded_lines": 0, "percent_statements_covered": 100.0, "percent_statements_covered_display": "100.0"}, "missing_lines": [], "excluded_lines": [], "start_line": 214}, "WorkflowExecutionEngine._pause_for_approval": {"executed_lines": [239, 240, 241, 242, 247], "summary": {"covered_lines": 5, "num_statements": 7, "percent_covered": 71.42857142857143, "percent_covered_display": "71.4", "missing_lines": 2, "excluded_lines": 0, "percent_statements_covered": 71.42857142857143, "percent_statements_covered_display": "71.4"}, "missing_lines": [253, 260], "excluded_lines": [], "start_line": 227}, "WorkflowExecutionEngine._requires_human_approval_gate": {"executed_lines": [275], "summary": {"covered_lines": 1, "num_statements": 1, "percent_covered": 100.0, "percent_covered_display": "100.0", "missing_lines": 0, "excluded_lines": 0, "percent_statements_covered": 100.0, "percent_statements_covered_display": "100.0"}, "missing_lines": [], "excluded_lines": [], "start_line": 274}, "WorkflowExecutionEngine._run_stages": {"executed_lines": [292, 293, 295, 296, 299, 303, 306, 314, 315, 323, 328], "summary": {"covered_lines": 11, "num_statements": 78, "percent_covered": 14.102564102564102, "percent_covered_display": "14.1", "missing_lines": 67, "excluded_lines": 0, "percent_statements_covered": 14.102564102564102, "percent_statements_covered_display": "14.1"}, "missing_lines": [297, 300, 301, 304, 316, 329, 331, 332, 333, 334, 335, 336, 338, 339, 340, 341, 343, 347, 357, 363, 365, 376, 377, 378, 384, 385, 393, 400, 401, 403, 404, 405, 406, 408, 410, 422, 423, 435, 448, 449, 450, 451, 453, 454, 455, 456, 463, 474, 476, 477, 478, 488, 493, 495, 496, 497, 504, 515, 516, 517, 519, 520, 522, 531, 536, 549, 556], "excluded_lines": [], "start_line": 277}, "": {"executed_lines": [1, 2, 4, 6, 7, 8, 9, 10, 11, 12, 13, 14, 15, 20, 21, 22, 23, 24, 26, 29, 32, 43, 143, 214, 227, 274, 277], "summary": {"covered_lines": 27, "num_statements": 27, "percent_covered": 100.0, "percent_covered_display": "100.0", "missing_lines": 0, "excluded_lines": 0, "percent_statements_covered": 100.0, "percent_statements_covered_display": "100.0"}, "missing_lines": [], "excluded_lines": [], "start_line": 1}}, "classes": {"WorkflowExecutionEngine": {"executed_lines": [33, 34, 35, 36, 37, 38, 39, 40, 41, 50, 51, 56, 149, 167, 168, 172, 173, 215, 216, 239, 240, 241, 242, 247, 275, 292, 293, 295, 296, 299, 303, 306, 314, 315, 323, 328], "summary": {"covered_lines": 36, "num_statements": 142, "percent_covered": 25.35211267605634, "percent_covered_display": "25.4", "missing_lines": 106, "excluded_lines": 0, "percent_statements_covered": 25.35211267605634, "percent_statements_covered_display": "25.4"}, "missing_lines": [54, 57, 65, 66, 68, 78, 79, 80, 81, 89, 90, 91, 107, 109, 121, 122, 123, 129, 152, 153, 154, 155, 157, 158, 159, 161, 162, 163, 165, 166, 171, 182, 184, 185, 186, 192, 200, 253, 260, 297, 300, 301, 304, 316, 329, 331, 332, 333, 334, 335, 336, 338, 339, 340, 341, 343, 347, 357, 363, 365, 376, 377, 378, 384, 385, 393, 400, 401, 403, 404, 405, 406, 408, 410, 422, 423, 435, 448, 449, 450, 451, 453, 454, 455, 456, 463, 474, 476, 477, 478, 488, 493, 495, 496, 497, 504, 515, 516, 517, 519, 520, 522, 531, 536, 549, 556], "excluded_lines": [], "start_line": 29}, "": {"executed_lines": [1, 2, 4, 6, 7, 8, 9, 10, 11, 12, 13, 14, 15, 20, 21, 22, 23, 24, 26, 29, 32, 43, 143, 214, 227, 274, 277], "summary": {"covered_lines": 27, "num_statements": 27, "percent_covered": 100.0, "percent_covered_display": "100.0", "missing_lines": 0, "excluded_lines": 0, "percent_statements_covered": 100.0, "percent_statements_covered_display": "100.0"}, "missing_lines": [], "excluded_lines": [], "start_line": 1}}}, "app/workflows/plan_builder.py": {"executed_lines": [1, 3, 4, 5, 6, 7, 12, 13, 14, 17, 20, 21, 22, 23, 24, 25, 26, 28, 37, 48, 51, 53, 72, 87], "summary": {"covered_lines": 24, "num_statements": 39, "percent_covered": 61.53846153846154, "percent_covered_display": "61.5", "missing_lines": 15, "excluded_lines": 0, "percent_statements_covered": 61.53846153846154, "percent_statements_covered_display": "61.5"}, "missing_lines": [38, 39, 40, 41, 43, 45, 46, 49, 52, 57, 58, 71, 73, 88, 99], "excluded_lines": [], "functions": {"ExecutionPlanBuilder.__init__": {"executed_lines": [21, 22, 23, 24, 25, 26], "summary": {"covered_lines": 6, "num_statements": 6, "percent_covered": 100.0, "percent_covered_display": "100.0", "missing_lines": 0, "excluded_lines": 0, "percent_statements_covered": 100.0, "percent_statements_covered_display": "100.0"}, "missing_lines": [], "excluded_lines": [], "start_line": 20}, "ExecutionPlanBuilder.build": {"executed_lines": [37, 48, 51, 53, 72, 87], "summary": {"covered_lines": 6, "num_statements": 21, "percent_covered": 28.571428571428573, "percent_covered_display": "28.6", "missing_lines": 15, "excluded_lines": 0, "percent_statements_covered": 28.571428571428573, "percent_statements_covered_display": "28.6"}, "missing_lines": [38, 39, 40, 41, 43, 45, 46, 49, 52, 57, 58, 71, 73, 88, 99], "excluded_lines": [], "start_line": 28}, "": {"executed_lines": [1, 3, 4, 5, 6, 7, 12, 13, 14, 17, 20, 28], "summary": {"covered_lines": 12, "num_statements": 12, "percent_covered": 100.0, "percent_covered_display": "100.0", "missing_lines": 0, "excluded_lines": 0, "percent_statements_covered": 100.0, "percent_statements_covered_display": "100.0"}, "missing_lines": [], "excluded_lines": [], "start_line": 1}}, "classes": {"ExecutionPlanBuilder": {"executed_lines": [21, 22, 23, 24, 25, 26, 37, 48, 51, 53, 72, 87], "summary": {"covered_lines": 12, "num_statements": 27, "percent_covered": 44.44444444444444, "percent_covered_display": "44.4", "missing_lines": 15, "excluded_lines": 0, "percent_statements_covered": 44.44444444444444, "percent_statements_covered_display": "44.4"}, "missing_lines": [38, 39, 40, 41, 43, 45, 46, 49, 52, 57, 58, 71, 73, 88, 99], "excluded_lines": [], "start_line": 17}, "": {"executed_lines": [1, 3, 4, 5, 6, 7, 12, 13, 14, 17, 20, 28], "summary": {"covered_lines": 12, "num_statements": 12, "percent_covered": 100.0, "percent_covered_display": "100.0", "missing_lines": 0, "excluded_lines": 0, "percent_statements_covered": 100.0, "percent_statements_covered_display": "100.0"}, "missing_lines": [], "excluded_lines": [], "start_line": 1}}}, "app/workflows/resolution.py": {"executed_lines": [1, 3, 4, 5, 6, 7, 10, 13, 14, 15, 17, 20, 24, 28, 37, 67], "summary": {"covered_lines": 16, "num_statements": 29, "percent_covered": 55.172413793103445, "percent_covered_display": "55.2", "missing_lines": 13, "excluded_lines": 0, "percent_statements_covered": 55.172413793103445, "percent_statements_covered_display": "55.2"}, "missing_lines": [21, 22, 25, 27, 29, 30, 32, 33, 34, 35, 36, 44, 55], "excluded_lines": [], "functions": {"WorkflowResolutionService.__init__": {"executed_lines": [14, 15], "summary": {"covered_lines": 2, "num_statements": 2, "percent_covered": 100.0, "percent_covered_display": "100.0", "missing_lines": 0, "excluded_lines": 0, "percent_statements_covered": 100.0, "percent_statements_covered_display": "100.0"}, "missing_lines": [], "excluded_lines": [], "start_line": 13}, "WorkflowResolutionService.resolve": {"executed_lines": [20, 24, 28, 37, 67], "summary": {"covered_lines": 5, "num_statements": 18, "percent_covered": 27.77777777777778, "percent_covered_display": "27.8", "missing_lines": 13, "excluded_lines": 0, "percent_statements_covered": 27.77777777777778, "percent_statements_covered_display": "27.8"}, "missing_lines": [21, 22, 25, 27, 29, 30, 32, 33, 34, 35, 36, 44, 55], "excluded_lines": [], "start_line": 17}, "": {"executed_lines": [1, 3, 4, 5, 6, 7, 10, 13, 17], "summary": {"covered_lines": 9, "num_statements": 9, "percent_covered": 100.0, "percent_covered_display": "100.0", "missing_lines": 0, "excluded_lines": 0, "percent_statements_covered": 100.0, "percent_statements_covered_display": "100.0"}, "missing_lines": [], "excluded_lines": [], "start_line": 1}}, "classes": {"WorkflowResolutionService": {"executed_lines": [14, 15, 20, 24, 28, 37, 67], "summary": {"covered_lines": 7, "num_statements": 20, "percent_covered": 35.0, "percent_covered_display": "35.0", "missing_lines": 13, "excluded_lines": 0, "percent_statements_covered": 35.0, "percent_statements_covered_display": "35.0"}, "missing_lines": [21, 22, 25, 27, 29, 30, 32, 33, 34, 35, 36, 44, 55], "excluded_lines": [], "start_line": 10}, "": {"executed_lines": [1, 3, 4, 5, 6, 7, 10, 13, 17], "summary": {"covered_lines": 9, "num_statements": 9, "percent_covered": 100.0, "percent_covered_display": "100.0", "missing_lines": 0, "excluded_lines": 0, "percent_statements_covered": 100.0, "percent_statements_covered_display": "100.0"}, "missing_lines": [], "excluded_lines": [], "start_line": 1}}}, "app/workflows/rules_engine.py": {"executed_lines": [1, 3, 6, 7, 8, 9, 10, 13, 37, 40, 41, 42, 51, 52, 53, 54, 56, 57, 58], "summary": {"covered_lines": 19, "num_statements": 20, "percent_covered": 95.0, "percent_covered_display": "95.0", "missing_lines": 1, "excluded_lines": 0, "percent_statements_covered": 95.0, "percent_statements_covered_display": "95.0"}, "missing_lines": [55], "excluded_lines": [], "functions": {"WorkflowRulesEngine.list_available_rules": {"executed_lines": [42], "summary": {"covered_lines": 1, "num_statements": 1, "percent_covered": 100.0, "percent_covered_display": "100.0", "missing_lines": 0, "excluded_lines": 0, "percent_statements_covered": 100.0, "percent_statements_covered_display": "100.0"}, "missing_lines": [], "excluded_lines": [], "start_line": 41}, "WorkflowRulesEngine.validate_rule": {"executed_lines": [53, 54, 56, 57, 58], "summary": {"covered_lines": 5, "num_statements": 6, "percent_covered": 83.33333333333333, "percent_covered_display": "83.3", "missing_lines": 1, "excluded_lines": 0, "percent_statements_covered": 83.33333333333333, "percent_statements_covered_display": "83.3"}, "missing_lines": [55], "excluded_lines": [], "start_line": 52}, "": {"executed_lines": [1, 3, 6, 7, 8, 9, 10, 13, 37, 40, 41, 51, 52], "summary": {"covered_lines": 13, "num_statements": 13, "percent_covered": 100.0, "percent_covered_display": "100.0", "missing_lines": 0, "excluded_lines": 0, "percent_statements_covered": 100.0, "percent_statements_covered_display": "100.0"}, "missing_lines": [], "excluded_lines": [], "start_line": 1}}, "classes": {"RuleDefinition": {"executed_lines": [], "summary": {"covered_lines": 0, "num_statements": 0, "percent_covered": 100.0, "percent_covered_display": "100.0", "missing_lines": 0, "excluded_lines": 0, "percent_statements_covered": 100.0, "percent_statements_covered_display": "100.0"}, "missing_lines": [], "excluded_lines": [], "start_line": 7}, "WorkflowRulesEngine": {"executed_lines": [42, 53, 54, 56, 57, 58], "summary": {"covered_lines": 6, "num_statements": 7, "percent_covered": 85.71428571428571, "percent_covered_display": "85.7", "missing_lines": 1, "excluded_lines": 0, "percent_statements_covered": 85.71428571428571, "percent_statements_covered_display": "85.7"}, "missing_lines": [55], "excluded_lines": [], "start_line": 37}, "": {"executed_lines": [1, 3, 6, 7, 8, 9, 10, 13, 37, 40, 41, 51, 52], "summary": {"covered_lines": 13, "num_statements": 13, "percent_covered": 100.0, "percent_covered_display": "100.0", "missing_lines": 0, "excluded_lines": 0, "percent_statements_covered": 100.0, "percent_statements_covered_display": "100.0"}, "missing_lines": [], "excluded_lines": [], "start_line": 1}}}, "app/workflows/templates.py": {"executed_lines": [1, 2, 3, 5, 8, 9, 10, 11, 12, 13, 16, 17, 18, 19, 20, 21, 22, 23, 26, 27, 28, 29, 32, 33, 34, 35, 36, 37, 38, 39, 40, 41, 42, 45, 48, 49, 50, 53, 54, 55, 56, 57, 75, 82, 95, 96, 97, 100, 103, 104, 105, 106, 107, 110, 111, 112, 113, 114], "summary": {"covered_lines": 58, "num_statements": 59, "percent_covered": 98.30508474576271, "percent_covered_display": "98.3", "missing_lines": 1, "excluded_lines": 0, "percent_statements_covered": 98.30508474576271, "percent_statements_covered_display": "98.3"}, "missing_lines": [115], "excluded_lines": [], "functions": {"load_catalog_raw": {"executed_lines": [49, 50], "summary": {"covered_lines": 2, "num_statements": 2, "percent_covered": 100.0, "percent_covered_display": "100.0", "missing_lines": 0, "excluded_lines": 0, "percent_statements_covered": 100.0, "percent_statements_covered_display": "100.0"}, "missing_lines": [], "excluded_lines": [], "start_line": 48}, "_parse_template": {"executed_lines": [54, 55, 56, 57, 75, 82], "summary": {"covered_lines": 6, "num_statements": 6, "percent_covered": 100.0, "percent_covered_display": "100.0", "missing_lines": 0, "excluded_lines": 0, "percent_statements_covered": 100.0, "percent_statements_covered_display": "100.0"}, "missing_lines": [], "excluded_lines": [], "start_line": 53}, "load_templates": {"executed_lines": [96, 97], "summary": {"covered_lines": 2, "num_statements": 2, "percent_covered": 100.0, "percent_covered_display": "100.0", "missing_lines": 0, "excluded_lines": 0, "percent_statements_covered": 100.0, "percent_statements_covered_display": "100.0"}, "missing_lines": [], "excluded_lines": [], "start_line": 95}, "get_template_by_slug": {"executed_lines": [104, 105, 106, 107], "summary": {"covered_lines": 4, "num_statements": 4, "percent_covered": 100.0, "percent_covered_display": "100.0", "missing_lines": 0, "excluded_lines": 0, "percent_statements_covered": 100.0, "percent_statements_covered_display": "100.0"}, "missing_lines": [], "excluded_lines": [], "start_line": 103}, "get_template_definition": {"executed_lines": [111, 112, 113, 114], "summary": {"covered_lines": 4, "num_statements": 5, "percent_covered": 80.0, "percent_covered_display": "80.0", "missing_lines": 1, "excluded_lines": 0, "percent_statements_covered": 80.0, "percent_statements_covered_display": "80.0"}, "missing_lines": [115], "excluded_lines": [], "start_line": 110}, "": {"executed_lines": [1, 2, 3, 5, 8, 9, 10, 11, 12, 13, 16, 17, 18, 19, 20, 21, 22, 23, 26, 27, 28, 29, 32, 33, 34, 35, 36, 37, 38, 39, 40, 41, 42, 45, 48, 53, 95, 100, 103, 110], "summary": {"covered_lines": 40, "num_statements": 40, "percent_covered": 100.0, "percent_covered_display": "100.0", "missing_lines": 0, "excluded_lines": 0, "percent_statements_covered": 100.0, "percent_statements_covered_display": "100.0"}, "missing_lines": [], "excluded_lines": [], "start_line": 1}}, "classes": {"TemplateStageTeam": {"executed_lines": [], "summary": {"covered_lines": 0, "num_statements": 0, "percent_covered": 100.0, "percent_covered_display": "100.0", "missing_lines": 0, "excluded_lines": 0, "percent_statements_covered": 100.0, "percent_statements_covered_display": "100.0"}, "missing_lines": [], "excluded_lines": [], "start_line": 9}, "TemplateStage": {"executed_lines": [], "summary": {"covered_lines": 0, "num_statements": 0, "percent_covered": 100.0, "percent_covered_display": "100.0", "missing_lines": 0, "excluded_lines": 0, "percent_statements_covered": 100.0, "percent_statements_covered_display": "100.0"}, "missing_lines": [], "excluded_lines": [], "start_line": 17}, "TemplateRule": {"executed_lines": [], "summary": {"covered_lines": 0, "num_statements": 0, "percent_covered": 100.0, "percent_covered_display": "100.0", "missing_lines": 0, "excluded_lines": 0, "percent_statements_covered": 100.0, "percent_statements_covered_display": "100.0"}, "missing_lines": [], "excluded_lines": [], "start_line": 27}, "WorkflowTemplate": {"executed_lines": [], "summary": {"covered_lines": 0, "num_statements": 0, "percent_covered": 100.0, "percent_covered_display": "100.0", "missing_lines": 0, "excluded_lines": 0, "percent_statements_covered": 100.0, "percent_statements_covered_display": "100.0"}, "missing_lines": [], "excluded_lines": [], "start_line": 33}, "": {"executed_lines": [1, 2, 3, 5, 8, 9, 10, 11, 12, 13, 16, 17, 18, 19, 20, 21, 22, 23, 26, 27, 28, 29, 32, 33, 34, 35, 36, 37, 38, 39, 40, 41, 42, 45, 48, 49, 50, 53, 54, 55, 56, 57, 75, 82, 95, 96, 97, 100, 103, 104, 105, 106, 107, 110, 111, 112, 113, 114], "summary": {"covered_lines": 58, "num_statements": 59, "percent_covered": 98.30508474576271, "percent_covered_display": "98.3", "missing_lines": 1, "excluded_lines": 0, "percent_statements_covered": 98.30508474576271, "percent_statements_covered_display": "98.3"}, "missing_lines": [115], "excluded_lines": [], "start_line": 1}}}}, "totals": {"covered_lines": 10735, "num_statements": 12816, "percent_covered": 83.76248439450687, "percent_covered_display": "83.8", "missing_lines": 2081, "excluded_lines": 0, "percent_statements_covered": 83.76248439450687, "percent_statements_covered_display": "83.8"}}